{"C:\\Users\\Chidave291\\Desktop\\Devc Projects\\Teamwork-Devc\\index.js":{"path":"C:\\Users\\Chidave291\\Desktop\\Devc Projects\\Teamwork-Devc\\index.js","statementMap":{"0":{"start":{"line":3,"column":0},"end":{"line":5,"column":3}},"1":{"start":{"line":6,"column":0},"end":{"line":6,"column":28}},"2":{"start":{"line":8,"column":15},"end":{"line":8,"column":57}},"3":{"start":{"line":10,"column":14},"end":{"line":10,"column":55}},"4":{"start":{"line":12,"column":18},"end":{"line":12,"column":64}},"5":{"start":{"line":14,"column":12},"end":{"line":14,"column":51}},"6":{"start":{"line":16,"column":24},"end":{"line":16,"column":77}},"7":{"start":{"line":18,"column":14},"end":{"line":18,"column":64}},"8":{"start":{"line":20,"column":15},"end":{"line":20,"column":64}},"9":{"start":{"line":22,"column":39},"end":{"line":22,"column":95}},"10":{"start":{"line":24,"column":0},"end":{"line":24,"column":28}},"11":{"start":{"line":26,"column":10},"end":{"line":26,"column":36}},"12":{"start":{"line":27,"column":11},"end":{"line":27,"column":35}},"13":{"start":{"line":28,"column":0},"end":{"line":28,"column":39}},"14":{"start":{"line":29,"column":0},"end":{"line":31,"column":4}},"15":{"start":{"line":32,"column":0},"end":{"line":32,"column":33}},"16":{"start":{"line":33,"column":0},"end":{"line":33,"column":39}},"17":{"start":{"line":34,"column":0},"end":{"line":34,"column":117}},"18":{"start":{"line":35,"column":0},"end":{"line":37,"column":3}},"19":{"start":{"line":36,"column":2},"end":{"line":36,"column":47}},"20":{"start":{"line":38,"column":15},"end":{"line":38,"column":18}},"21":{"start":{"line":39,"column":0},"end":{"line":39,"column":30}}},"fnMap":{"0":{"name":"_interopRequireDefault","decl":{"start":{"line":22,"column":9},"end":{"line":22,"column":31}},"loc":{"start":{"line":22,"column":37},"end":{"line":22,"column":97}},"line":22},"1":{"name":"(anonymous_1)","decl":{"start":{"line":35,"column":17},"end":{"line":35,"column":18}},"loc":{"start":{"line":35,"column":29},"end":{"line":37,"column":1}},"line":35}},"branchMap":{"0":{"loc":{"start":{"line":22,"column":46},"end":{"line":22,"column":94}},"type":"cond-expr","locations":[{"start":{"line":22,"column":70},"end":{"line":22,"column":73}},{"start":{"line":22,"column":76},"end":{"line":22,"column":94}}],"line":22},"1":{"loc":{"start":{"line":22,"column":46},"end":{"line":22,"column":67}},"type":"binary-expr","locations":[{"start":{"line":22,"column":46},"end":{"line":22,"column":49}},{"start":{"line":22,"column":53},"end":{"line":22,"column":67}}],"line":22},"2":{"loc":{"start":{"line":27,"column":11},"end":{"line":27,"column":35}},"type":"binary-expr","locations":[{"start":{"line":27,"column":11},"end":{"line":27,"column":27}},{"start":{"line":27,"column":31},"end":{"line":27,"column":35}}],"line":27}},"s":{"0":1,"1":1,"2":1,"3":1,"4":1,"5":1,"6":1,"7":1,"8":1,"9":7,"10":1,"11":1,"12":1,"13":1,"14":1,"15":1,"16":1,"17":1,"18":1,"19":0,"20":1,"21":1},"f":{"0":7,"1":0},"b":{"0":[1,6],"1":[7,7],"2":[1,1]},"_coverageSchema":"43e27e138ebf9cfc5966b082cf9a028302ed4184","hash":"0559a31b09edf01b20bdd50d7d798e374e506b48","contentHash":"7061c1c9c36e53babe60af021e8dcc3e8564dc151d0f00a69f41a789883297ac"},"C:\\Users\\Chidave291\\Desktop\\Devc Projects\\Teamwork-Devc\\server\\routes\\index.js":{"path":"C:\\Users\\Chidave291\\Desktop\\Devc Projects\\Teamwork-Devc\\server\\routes\\index.js","statementMap":{"0":{"start":{"line":3,"column":0},"end":{"line":5,"column":3}},"1":{"start":{"line":6,"column":0},"end":{"line":6,"column":28}},"2":{"start":{"line":8,"column":15},"end":{"line":8,"column":57}},"3":{"start":{"line":10,"column":18},"end":{"line":10,"column":65}},"4":{"start":{"line":12,"column":17},"end":{"line":12,"column":63}},"5":{"start":{"line":14,"column":21},"end":{"line":14,"column":71}},"6":{"start":{"line":16,"column":39},"end":{"line":16,"column":95}},"7":{"start":{"line":18,"column":14},"end":{"line":18,"column":46}},"8":{"start":{"line":19,"column":0},"end":{"line":24,"column":3}},"9":{"start":{"line":20,"column":2},"end":{"line":23,"column":5}},"10":{"start":{"line":25,"column":0},"end":{"line":25,"column":36}},"11":{"start":{"line":26,"column":0},"end":{"line":26,"column":35}},"12":{"start":{"line":27,"column":0},"end":{"line":27,"column":39}},"13":{"start":{"line":28,"column":15},"end":{"line":28,"column":22}},"14":{"start":{"line":29,"column":0},"end":{"line":29,"column":30}}},"fnMap":{"0":{"name":"_interopRequireDefault","decl":{"start":{"line":16,"column":9},"end":{"line":16,"column":31}},"loc":{"start":{"line":16,"column":37},"end":{"line":16,"column":97}},"line":16},"1":{"name":"(anonymous_1)","decl":{"start":{"line":19,"column":23},"end":{"line":19,"column":24}},"loc":{"start":{"line":19,"column":52},"end":{"line":24,"column":1}},"line":19}},"branchMap":{"0":{"loc":{"start":{"line":16,"column":46},"end":{"line":16,"column":94}},"type":"cond-expr","locations":[{"start":{"line":16,"column":70},"end":{"line":16,"column":73}},{"start":{"line":16,"column":76},"end":{"line":16,"column":94}}],"line":16},"1":{"loc":{"start":{"line":16,"column":46},"end":{"line":16,"column":67}},"type":"binary-expr","locations":[{"start":{"line":16,"column":46},"end":{"line":16,"column":49}},{"start":{"line":16,"column":53},"end":{"line":16,"column":67}}],"line":16}},"s":{"0":1,"1":1,"2":1,"3":1,"4":1,"5":1,"6":4,"7":1,"8":1,"9":1,"10":1,"11":1,"12":1,"13":1,"14":1},"f":{"0":4,"1":1},"b":{"0":[3,1],"1":[4,4]},"_coverageSchema":"43e27e138ebf9cfc5966b082cf9a028302ed4184","hash":"36442e50750ca9694153db95483ee4bc1a2d7740","contentHash":"7b07bedce8f5539b5f2a6fbb9db81aa84bb7a386f39ff47bdf6c55793f79a38e"},"C:\\Users\\Chidave291\\Desktop\\Devc Projects\\Teamwork-Devc\\server\\routes\\userRoutes.js":{"path":"C:\\Users\\Chidave291\\Desktop\\Devc Projects\\Teamwork-Devc\\server\\routes\\userRoutes.js","statementMap":{"0":{"start":{"line":3,"column":0},"end":{"line":5,"column":3}},"1":{"start":{"line":6,"column":0},"end":{"line":6,"column":28}},"2":{"start":{"line":8,"column":15},"end":{"line":8,"column":33}},"3":{"start":{"line":10,"column":22},"end":{"line":10,"column":85}},"4":{"start":{"line":12,"column":39},"end":{"line":12,"column":95}},"5":{"start":{"line":14,"column":17},"end":{"line":14,"column":39}},"6":{"start":{"line":15,"column":0},"end":{"line":15,"column":80}},"7":{"start":{"line":16,"column":0},"end":{"line":16,"column":75}},"8":{"start":{"line":17,"column":15},"end":{"line":17,"column":25}},"9":{"start":{"line":18,"column":0},"end":{"line":18,"column":30}}},"fnMap":{"0":{"name":"_interopRequireDefault","decl":{"start":{"line":12,"column":9},"end":{"line":12,"column":31}},"loc":{"start":{"line":12,"column":37},"end":{"line":12,"column":97}},"line":12}},"branchMap":{"0":{"loc":{"start":{"line":12,"column":46},"end":{"line":12,"column":94}},"type":"cond-expr","locations":[{"start":{"line":12,"column":70},"end":{"line":12,"column":73}},{"start":{"line":12,"column":76},"end":{"line":12,"column":94}}],"line":12},"1":{"loc":{"start":{"line":12,"column":46},"end":{"line":12,"column":67}},"type":"binary-expr","locations":[{"start":{"line":12,"column":46},"end":{"line":12,"column":49}},{"start":{"line":12,"column":53},"end":{"line":12,"column":67}}],"line":12}},"s":{"0":1,"1":1,"2":1,"3":1,"4":1,"5":1,"6":1,"7":1,"8":1,"9":1},"f":{"0":1},"b":{"0":[1,0],"1":[1,1]},"_coverageSchema":"43e27e138ebf9cfc5966b082cf9a028302ed4184","hash":"6a3d6d7eb387276687b4f5e6639cde4ce281c997","contentHash":"5719dbe3b904a7b2e19a22fe75532c74618edd8154e7853a313e75f270367330"},"C:\\Users\\Chidave291\\Desktop\\Devc Projects\\Teamwork-Devc\\server\\controller\\usercontroller.js":{"path":"C:\\Users\\Chidave291\\Desktop\\Devc Projects\\Teamwork-Devc\\server\\controller\\usercontroller.js","statementMap":{"0":{"start":{"line":3,"column":0},"end":{"line":5,"column":3}},"1":{"start":{"line":6,"column":0},"end":{"line":6,"column":28}},"2":{"start":{"line":8,"column":14},"end":{"line":8,"column":55}},"3":{"start":{"line":10,"column":17},"end":{"line":10,"column":71}},"4":{"start":{"line":12,"column":20},"end":{"line":12,"column":81}},"5":{"start":{"line":14,"column":39},"end":{"line":14,"column":95}},"6":{"start":{"line":16,"column":50},"end":{"line":16,"column":151}},"7":{"start":{"line":16,"column":92},"end":{"line":16,"column":149}},"8":{"start":{"line":18,"column":44},"end":{"line":18,"column":315}},"9":{"start":{"line":18,"column":57},"end":{"line":18,"column":58}},"10":{"start":{"line":18,"column":102},"end":{"line":18,"column":110}},"11":{"start":{"line":18,"column":112},"end":{"line":18,"column":167}},"12":{"start":{"line":18,"column":168},"end":{"line":18,"column":199}},"13":{"start":{"line":18,"column":200},"end":{"line":18,"column":254}},"14":{"start":{"line":18,"column":227},"end":{"line":18,"column":254}},"15":{"start":{"line":18,"column":255},"end":{"line":18,"column":313}},"16":{"start":{"line":20,"column":62},"end":{"line":20,"column":131}},"17":{"start":{"line":20,"column":78},"end":{"line":20,"column":131}},"18":{"start":{"line":20,"column":132},"end":{"line":20,"column":193}},"19":{"start":{"line":20,"column":149},"end":{"line":20,"column":193}},"20":{"start":{"line":20,"column":194},"end":{"line":20,"column":213}},"21":{"start":{"line":24,"column":0},"end":{"line":138,"column":3}},"22":{"start":{"line":26,"column":4},"end":{"line":26,"column":46}},"23":{"start":{"line":29,"column":2},"end":{"line":135,"column":6}},"24":{"start":{"line":33,"column":6},"end":{"line":75,"column":32}},"25":{"start":{"line":34,"column":8},"end":{"line":74,"column":9}},"26":{"start":{"line":35,"column":10},"end":{"line":73,"column":11}},"27":{"start":{"line":37,"column":14},"end":{"line":37,"column":32}},"28":{"start":{"line":38,"column":14},"end":{"line":38,"column":32}},"29":{"start":{"line":39,"column":14},"end":{"line":39,"column":94}},"30":{"start":{"line":42,"column":14},"end":{"line":42,"column":39}},"31":{"start":{"line":43,"column":14},"end":{"line":43,"column":32}},"32":{"start":{"line":44,"column":14},"end":{"line":48,"column":18}},"33":{"start":{"line":51,"column":14},"end":{"line":51,"column":36}},"34":{"start":{"line":52,"column":14},"end":{"line":52,"column":60}},"35":{"start":{"line":53,"column":14},"end":{"line":57,"column":16}},"36":{"start":{"line":58,"column":14},"end":{"line":61,"column":17}},"37":{"start":{"line":62,"column":14},"end":{"line":62,"column":33}},"38":{"start":{"line":63,"column":14},"end":{"line":63,"column":20}},"39":{"start":{"line":66,"column":14},"end":{"line":66,"column":33}},"40":{"start":{"line":67,"column":14},"end":{"line":67,"column":49}},"41":{"start":{"line":68,"column":14},"end":{"line":68,"column":32}},"42":{"start":{"line":72,"column":14},"end":{"line":72,"column":37}},"43":{"start":{"line":82,"column":6},"end":{"line":133,"column":32}},"44":{"start":{"line":83,"column":8},"end":{"line":132,"column":9}},"45":{"start":{"line":84,"column":10},"end":{"line":131,"column":11}},"46":{"start":{"line":86,"column":14},"end":{"line":86,"column":91}},"47":{"start":{"line":87,"column":14},"end":{"line":87,"column":33}},"48":{"start":{"line":88,"column":14},"end":{"line":88,"column":33}},"49":{"start":{"line":89,"column":14},"end":{"line":89,"column":89}},"50":{"start":{"line":92,"column":14},"end":{"line":92,"column":40}},"51":{"start":{"line":93,"column":14},"end":{"line":97,"column":17}},"52":{"start":{"line":98,"column":14},"end":{"line":98,"column":33}},"53":{"start":{"line":99,"column":14},"end":{"line":99,"column":103}},"54":{"start":{"line":102,"column":14},"end":{"line":102,"column":42}},"55":{"start":{"line":104,"column":14},"end":{"line":107,"column":15}},"56":{"start":{"line":105,"column":16},"end":{"line":105,"column":36}},"57":{"start":{"line":106,"column":16},"end":{"line":106,"column":22}},"58":{"start":{"line":109,"column":14},"end":{"line":109,"column":100}},"59":{"start":{"line":112,"column":14},"end":{"line":115,"column":16}},"60":{"start":{"line":116,"column":14},"end":{"line":119,"column":17}},"61":{"start":{"line":120,"column":14},"end":{"line":120,"column":34}},"62":{"start":{"line":121,"column":14},"end":{"line":121,"column":20}},"63":{"start":{"line":124,"column":14},"end":{"line":124,"column":34}},"64":{"start":{"line":125,"column":14},"end":{"line":125,"column":51}},"65":{"start":{"line":126,"column":14},"end":{"line":126,"column":33}},"66":{"start":{"line":130,"column":14},"end":{"line":130,"column":38}},"67":{"start":{"line":137,"column":2},"end":{"line":137,"column":28}},"68":{"start":{"line":140,"column":15},"end":{"line":140,"column":33}},"69":{"start":{"line":141,"column":0},"end":{"line":141,"column":30}}},"fnMap":{"0":{"name":"_interopRequireDefault","decl":{"start":{"line":14,"column":9},"end":{"line":14,"column":31}},"loc":{"start":{"line":14,"column":37},"end":{"line":14,"column":97}},"line":14},"1":{"name":"_classCallCheck","decl":{"start":{"line":16,"column":9},"end":{"line":16,"column":24}},"loc":{"start":{"line":16,"column":48},"end":{"line":16,"column":153}},"line":16},"2":{"name":"_defineProperties","decl":{"start":{"line":18,"column":9},"end":{"line":18,"column":26}},"loc":{"start":{"line":18,"column":42},"end":{"line":18,"column":317}},"line":18},"3":{"name":"_createClass","decl":{"start":{"line":20,"column":9},"end":{"line":20,"column":21}},"loc":{"start":{"line":20,"column":60},"end":{"line":20,"column":215}},"line":20},"4":{"name":"(anonymous_4)","decl":{"start":{"line":24,"column":0},"end":{"line":24,"column":1}},"loc":{"start":{"line":24,"column":12},"end":{"line":138,"column":1}},"line":24},"5":{"name":"EmployeeController","decl":{"start":{"line":25,"column":11},"end":{"line":25,"column":29}},"loc":{"start":{"line":25,"column":32},"end":{"line":27,"column":3}},"line":25},"6":{"name":"createEmployee","decl":{"start":{"line":31,"column":20},"end":{"line":31,"column":34}},"loc":{"start":{"line":31,"column":51},"end":{"line":76,"column":5}},"line":31},"7":{"name":"createEmployee$","decl":{"start":{"line":33,"column":47},"end":{"line":33,"column":62}},"loc":{"start":{"line":33,"column":73},"end":{"line":75,"column":7}},"line":33},"8":{"name":"signInEmployee","decl":{"start":{"line":79,"column":20},"end":{"line":79,"column":34}},"loc":{"start":{"line":79,"column":51},"end":{"line":134,"column":5}},"line":79},"9":{"name":"signInEmployee$","decl":{"start":{"line":82,"column":47},"end":{"line":82,"column":62}},"loc":{"start":{"line":82,"column":74},"end":{"line":133,"column":7}},"line":82}},"branchMap":{"0":{"loc":{"start":{"line":14,"column":46},"end":{"line":14,"column":94}},"type":"cond-expr","locations":[{"start":{"line":14,"column":70},"end":{"line":14,"column":73}},{"start":{"line":14,"column":76},"end":{"line":14,"column":94}}],"line":14},"1":{"loc":{"start":{"line":14,"column":46},"end":{"line":14,"column":67}},"type":"binary-expr","locations":[{"start":{"line":14,"column":46},"end":{"line":14,"column":49}},{"start":{"line":14,"column":53},"end":{"line":14,"column":67}}],"line":14},"2":{"loc":{"start":{"line":16,"column":50},"end":{"line":16,"column":151}},"type":"if","locations":[{"start":{"line":16,"column":50},"end":{"line":16,"column":151}},{"start":{"line":16,"column":50},"end":{"line":16,"column":151}}],"line":16},"3":{"loc":{"start":{"line":18,"column":136},"end":{"line":18,"column":166}},"type":"binary-expr","locations":[{"start":{"line":18,"column":136},"end":{"line":18,"column":157}},{"start":{"line":18,"column":161},"end":{"line":18,"column":166}}],"line":18},"4":{"loc":{"start":{"line":18,"column":200},"end":{"line":18,"column":254}},"type":"if","locations":[{"start":{"line":18,"column":200},"end":{"line":18,"column":254}},{"start":{"line":18,"column":200},"end":{"line":18,"column":254}}],"line":18},"5":{"loc":{"start":{"line":20,"column":62},"end":{"line":20,"column":131}},"type":"if","locations":[{"start":{"line":20,"column":62},"end":{"line":20,"column":131}},{"start":{"line":20,"column":62},"end":{"line":20,"column":131}}],"line":20},"6":{"loc":{"start":{"line":20,"column":132},"end":{"line":20,"column":193}},"type":"if","locations":[{"start":{"line":20,"column":132},"end":{"line":20,"column":193}},{"start":{"line":20,"column":132},"end":{"line":20,"column":193}}],"line":20},"7":{"loc":{"start":{"line":35,"column":10},"end":{"line":73,"column":11}},"type":"switch","locations":[{"start":{"line":36,"column":12},"end":{"line":39,"column":94}},{"start":{"line":41,"column":12},"end":{"line":48,"column":18}},{"start":{"line":50,"column":12},"end":{"line":63,"column":20}},{"start":{"line":65,"column":12},"end":{"line":68,"column":32}},{"start":{"line":70,"column":12},"end":{"line":70,"column":20}},{"start":{"line":71,"column":12},"end":{"line":72,"column":37}}],"line":35},"8":{"loc":{"start":{"line":84,"column":10},"end":{"line":131,"column":11}},"type":"switch","locations":[{"start":{"line":85,"column":12},"end":{"line":89,"column":89}},{"start":{"line":91,"column":12},"end":{"line":99,"column":103}},{"start":{"line":101,"column":12},"end":{"line":109,"column":100}},{"start":{"line":111,"column":12},"end":{"line":121,"column":20}},{"start":{"line":123,"column":12},"end":{"line":126,"column":33}},{"start":{"line":128,"column":12},"end":{"line":128,"column":20}},{"start":{"line":129,"column":12},"end":{"line":130,"column":38}}],"line":84},"9":{"loc":{"start":{"line":104,"column":14},"end":{"line":107,"column":15}},"type":"if","locations":[{"start":{"line":104,"column":14},"end":{"line":107,"column":15}},{"start":{"line":104,"column":14},"end":{"line":107,"column":15}}],"line":104}},"s":{"0":1,"1":1,"2":1,"3":1,"4":1,"5":3,"6":0,"7":0,"8":1,"9":1,"10":2,"11":2,"12":2,"13":2,"14":2,"15":2,"16":1,"17":0,"18":1,"19":1,"20":1,"21":1,"22":0,"23":1,"24":5,"25":8,"26":8,"27":5,"28":5,"29":5,"30":0,"31":0,"32":0,"33":0,"34":0,"35":0,"36":0,"37":0,"38":0,"39":3,"40":3,"41":3,"42":3,"43":3,"44":3,"45":3,"46":3,"47":3,"48":3,"49":3,"50":0,"51":0,"52":0,"53":0,"54":0,"55":0,"56":0,"57":0,"58":0,"59":0,"60":0,"61":0,"62":0,"63":0,"64":0,"65":0,"66":0,"67":1,"68":1,"69":1},"f":{"0":3,"1":0,"2":1,"3":1,"4":1,"5":0,"6":5,"7":8,"8":3,"9":3},"b":{"0":[2,1],"1":[3,3],"2":[0,0],"3":[2,2],"4":[2,0],"5":[0,1],"6":[1,0],"7":[5,0,0,3,3,3],"8":[3,0,0,0,0,0,0],"9":[0,0]},"_coverageSchema":"43e27e138ebf9cfc5966b082cf9a028302ed4184","hash":"5f33dec36aad07eb811fb655e90983ee324c184b","contentHash":"7e223b7832258fe788f73a911396c77259d763ad6d63737f474d3531ef71c5ea"},"C:\\Users\\Chidave291\\Desktop\\Devc Projects\\Teamwork-Devc\\server\\models\\employees.js":{"path":"C:\\Users\\Chidave291\\Desktop\\Devc Projects\\Teamwork-Devc\\server\\models\\employees.js","statementMap":{"0":{"start":{"line":3,"column":0},"end":{"line":5,"column":3}},"1":{"start":{"line":6,"column":0},"end":{"line":6,"column":28}},"2":{"start":{"line":8,"column":14},"end":{"line":8,"column":55}},"3":{"start":{"line":10,"column":10},"end":{"line":10,"column":50}},"4":{"start":{"line":12,"column":39},"end":{"line":12,"column":95}},"5":{"start":{"line":14,"column":50},"end":{"line":14,"column":151}},"6":{"start":{"line":14,"column":92},"end":{"line":14,"column":149}},"7":{"start":{"line":16,"column":44},"end":{"line":16,"column":315}},"8":{"start":{"line":16,"column":57},"end":{"line":16,"column":58}},"9":{"start":{"line":16,"column":102},"end":{"line":16,"column":110}},"10":{"start":{"line":16,"column":112},"end":{"line":16,"column":167}},"11":{"start":{"line":16,"column":168},"end":{"line":16,"column":199}},"12":{"start":{"line":16,"column":200},"end":{"line":16,"column":254}},"13":{"start":{"line":16,"column":227},"end":{"line":16,"column":254}},"14":{"start":{"line":16,"column":255},"end":{"line":16,"column":313}},"15":{"start":{"line":18,"column":62},"end":{"line":18,"column":131}},"16":{"start":{"line":18,"column":78},"end":{"line":18,"column":131}},"17":{"start":{"line":18,"column":132},"end":{"line":18,"column":193}},"18":{"start":{"line":18,"column":149},"end":{"line":18,"column":193}},"19":{"start":{"line":18,"column":194},"end":{"line":18,"column":213}},"20":{"start":{"line":23,"column":0},"end":{"line":96,"column":3}},"21":{"start":{"line":25,"column":4},"end":{"line":25,"column":41}},"22":{"start":{"line":28,"column":2},"end":{"line":93,"column":6}},"23":{"start":{"line":32,"column":6},"end":{"line":57,"column":9}},"24":{"start":{"line":33,"column":8},"end":{"line":56,"column":9}},"25":{"start":{"line":34,"column":10},"end":{"line":55,"column":11}},"26":{"start":{"line":36,"column":14},"end":{"line":36,"column":213}},"27":{"start":{"line":37,"column":14},"end":{"line":37,"column":32}},"28":{"start":{"line":38,"column":14},"end":{"line":38,"column":85}},"29":{"start":{"line":41,"column":14},"end":{"line":41,"column":45}},"30":{"start":{"line":42,"column":14},"end":{"line":42,"column":106}},"31":{"start":{"line":43,"column":14},"end":{"line":43,"column":32}},"32":{"start":{"line":44,"column":14},"end":{"line":46,"column":18}},"33":{"start":{"line":45,"column":16},"end":{"line":45,"column":52}},"34":{"start":{"line":49,"column":14},"end":{"line":49,"column":39}},"35":{"start":{"line":50,"column":14},"end":{"line":50,"column":57}},"36":{"start":{"line":54,"column":14},"end":{"line":54,"column":37}},"37":{"start":{"line":63,"column":6},"end":{"line":91,"column":9}},"38":{"start":{"line":64,"column":8},"end":{"line":90,"column":9}},"39":{"start":{"line":65,"column":10},"end":{"line":89,"column":11}},"40":{"start":{"line":67,"column":14},"end":{"line":67,"column":30}},"41":{"start":{"line":68,"column":14},"end":{"line":68,"column":33}},"42":{"start":{"line":69,"column":14},"end":{"line":71,"column":18}},"43":{"start":{"line":70,"column":16},"end":{"line":70,"column":50}},"44":{"start":{"line":74,"column":14},"end":{"line":74,"column":40}},"45":{"start":{"line":76,"column":14},"end":{"line":79,"column":15}},"46":{"start":{"line":77,"column":16},"end":{"line":77,"column":35}},"47":{"start":{"line":78,"column":16},"end":{"line":78,"column":22}},"48":{"start":{"line":81,"column":14},"end":{"line":81,"column":59}},"49":{"start":{"line":84,"column":14},"end":{"line":84,"column":58}},"50":{"start":{"line":88,"column":14},"end":{"line":88,"column":38}},"51":{"start":{"line":95,"column":2},"end":{"line":95,"column":23}},"52":{"start":{"line":98,"column":15},"end":{"line":98,"column":28}},"53":{"start":{"line":99,"column":0},"end":{"line":99,"column":30}}},"fnMap":{"0":{"name":"_interopRequireDefault","decl":{"start":{"line":12,"column":9},"end":{"line":12,"column":31}},"loc":{"start":{"line":12,"column":37},"end":{"line":12,"column":97}},"line":12},"1":{"name":"_classCallCheck","decl":{"start":{"line":14,"column":9},"end":{"line":14,"column":24}},"loc":{"start":{"line":14,"column":48},"end":{"line":14,"column":153}},"line":14},"2":{"name":"_defineProperties","decl":{"start":{"line":16,"column":9},"end":{"line":16,"column":26}},"loc":{"start":{"line":16,"column":42},"end":{"line":16,"column":317}},"line":16},"3":{"name":"_createClass","decl":{"start":{"line":18,"column":9},"end":{"line":18,"column":21}},"loc":{"start":{"line":18,"column":60},"end":{"line":18,"column":215}},"line":18},"4":{"name":"(anonymous_4)","decl":{"start":{"line":23,"column":0},"end":{"line":23,"column":1}},"loc":{"start":{"line":23,"column":12},"end":{"line":96,"column":1}},"line":23},"5":{"name":"EmployeeModel","decl":{"start":{"line":24,"column":11},"end":{"line":24,"column":24}},"loc":{"start":{"line":24,"column":27},"end":{"line":26,"column":3}},"line":24},"6":{"name":"createEmployee","decl":{"start":{"line":30,"column":20},"end":{"line":30,"column":34}},"loc":{"start":{"line":30,"column":41},"end":{"line":58,"column":5}},"line":30},"7":{"name":"createEmployee$","decl":{"start":{"line":32,"column":47},"end":{"line":32,"column":62}},"loc":{"start":{"line":32,"column":73},"end":{"line":57,"column":7}},"line":32},"8":{"name":"(anonymous_8)","decl":{"start":{"line":44,"column":230},"end":{"line":44,"column":231}},"loc":{"start":{"line":44,"column":247},"end":{"line":46,"column":15}},"line":44},"9":{"name":"getUserEmail","decl":{"start":{"line":61,"column":20},"end":{"line":61,"column":32}},"loc":{"start":{"line":61,"column":40},"end":{"line":92,"column":5}},"line":61},"10":{"name":"getUserEmail$","decl":{"start":{"line":63,"column":47},"end":{"line":63,"column":60}},"loc":{"start":{"line":63,"column":72},"end":{"line":91,"column":7}},"line":63},"11":{"name":"(anonymous_11)","decl":{"start":{"line":69,"column":127},"end":{"line":69,"column":128}},"loc":{"start":{"line":69,"column":142},"end":{"line":71,"column":15}},"line":69}},"branchMap":{"0":{"loc":{"start":{"line":12,"column":46},"end":{"line":12,"column":94}},"type":"cond-expr","locations":[{"start":{"line":12,"column":70},"end":{"line":12,"column":73}},{"start":{"line":12,"column":76},"end":{"line":12,"column":94}}],"line":12},"1":{"loc":{"start":{"line":12,"column":46},"end":{"line":12,"column":67}},"type":"binary-expr","locations":[{"start":{"line":12,"column":46},"end":{"line":12,"column":49}},{"start":{"line":12,"column":53},"end":{"line":12,"column":67}}],"line":12},"2":{"loc":{"start":{"line":14,"column":50},"end":{"line":14,"column":151}},"type":"if","locations":[{"start":{"line":14,"column":50},"end":{"line":14,"column":151}},{"start":{"line":14,"column":50},"end":{"line":14,"column":151}}],"line":14},"3":{"loc":{"start":{"line":16,"column":136},"end":{"line":16,"column":166}},"type":"binary-expr","locations":[{"start":{"line":16,"column":136},"end":{"line":16,"column":157}},{"start":{"line":16,"column":161},"end":{"line":16,"column":166}}],"line":16},"4":{"loc":{"start":{"line":16,"column":200},"end":{"line":16,"column":254}},"type":"if","locations":[{"start":{"line":16,"column":200},"end":{"line":16,"column":254}},{"start":{"line":16,"column":200},"end":{"line":16,"column":254}}],"line":16},"5":{"loc":{"start":{"line":18,"column":62},"end":{"line":18,"column":131}},"type":"if","locations":[{"start":{"line":18,"column":62},"end":{"line":18,"column":131}},{"start":{"line":18,"column":62},"end":{"line":18,"column":131}}],"line":18},"6":{"loc":{"start":{"line":18,"column":132},"end":{"line":18,"column":193}},"type":"if","locations":[{"start":{"line":18,"column":132},"end":{"line":18,"column":193}},{"start":{"line":18,"column":132},"end":{"line":18,"column":193}}],"line":18},"7":{"loc":{"start":{"line":34,"column":10},"end":{"line":55,"column":11}},"type":"switch","locations":[{"start":{"line":35,"column":12},"end":{"line":38,"column":85}},{"start":{"line":40,"column":12},"end":{"line":46,"column":18}},{"start":{"line":48,"column":12},"end":{"line":50,"column":57}},{"start":{"line":52,"column":12},"end":{"line":52,"column":19}},{"start":{"line":53,"column":12},"end":{"line":54,"column":37}}],"line":34},"8":{"loc":{"start":{"line":65,"column":10},"end":{"line":89,"column":11}},"type":"switch","locations":[{"start":{"line":66,"column":12},"end":{"line":71,"column":18}},{"start":{"line":73,"column":12},"end":{"line":81,"column":59}},{"start":{"line":83,"column":12},"end":{"line":84,"column":58}},{"start":{"line":86,"column":12},"end":{"line":86,"column":19}},{"start":{"line":87,"column":12},"end":{"line":88,"column":38}}],"line":65},"9":{"loc":{"start":{"line":76,"column":14},"end":{"line":79,"column":15}},"type":"if","locations":[{"start":{"line":76,"column":14},"end":{"line":79,"column":15}},{"start":{"line":76,"column":14},"end":{"line":79,"column":15}}],"line":76}},"s":{"0":1,"1":1,"2":1,"3":1,"4":2,"5":0,"6":0,"7":1,"8":1,"9":2,"10":2,"11":2,"12":2,"13":2,"14":2,"15":1,"16":0,"17":1,"18":1,"19":1,"20":1,"21":0,"22":1,"23":5,"24":13,"25":13,"26":5,"27":5,"28":5,"29":5,"30":5,"31":5,"32":5,"33":3,"34":0,"35":0,"36":3,"37":3,"38":3,"39":3,"40":3,"41":3,"42":3,"43":0,"44":0,"45":0,"46":0,"47":0,"48":0,"49":0,"50":0,"51":1,"52":1,"53":1},"f":{"0":2,"1":0,"2":1,"3":1,"4":1,"5":0,"6":5,"7":13,"8":3,"9":3,"10":3,"11":0},"b":{"0":[1,1],"1":[2,2],"2":[0,0],"3":[2,2],"4":[2,0],"5":[0,1],"6":[1,0],"7":[5,5,0,0,3],"8":[3,0,0,0,0],"9":[0,0]},"_coverageSchema":"43e27e138ebf9cfc5966b082cf9a028302ed4184","hash":"feeb98a190530e38aaf6e4d69601be1633783d3b","contentHash":"48ad88e631cb3f458e3861752683bec4c3418108c7925f07ccba2518d8428cda"},"C:\\Users\\Chidave291\\Desktop\\Devc Projects\\Teamwork-Devc\\server\\db\\index.js":{"path":"C:\\Users\\Chidave291\\Desktop\\Devc Projects\\Teamwork-Devc\\server\\db\\index.js","statementMap":{"0":{"start":{"line":3,"column":0},"end":{"line":5,"column":3}},"1":{"start":{"line":6,"column":0},"end":{"line":6,"column":28}},"2":{"start":{"line":8,"column":10},"end":{"line":8,"column":23}},"3":{"start":{"line":10,"column":14},"end":{"line":10,"column":64}},"4":{"start":{"line":12,"column":39},"end":{"line":12,"column":95}},"5":{"start":{"line":14,"column":50},"end":{"line":14,"column":151}},"6":{"start":{"line":14,"column":92},"end":{"line":14,"column":149}},"7":{"start":{"line":16,"column":44},"end":{"line":16,"column":315}},"8":{"start":{"line":16,"column":57},"end":{"line":16,"column":58}},"9":{"start":{"line":16,"column":102},"end":{"line":16,"column":110}},"10":{"start":{"line":16,"column":112},"end":{"line":16,"column":167}},"11":{"start":{"line":16,"column":168},"end":{"line":16,"column":199}},"12":{"start":{"line":16,"column":200},"end":{"line":16,"column":254}},"13":{"start":{"line":16,"column":227},"end":{"line":16,"column":254}},"14":{"start":{"line":16,"column":255},"end":{"line":16,"column":313}},"15":{"start":{"line":18,"column":62},"end":{"line":18,"column":131}},"16":{"start":{"line":18,"column":78},"end":{"line":18,"column":131}},"17":{"start":{"line":18,"column":132},"end":{"line":18,"column":193}},"18":{"start":{"line":18,"column":149},"end":{"line":18,"column":193}},"19":{"start":{"line":18,"column":194},"end":{"line":18,"column":213}},"20":{"start":{"line":20,"column":11},"end":{"line":22,"column":2}},"21":{"start":{"line":26,"column":0},"end":{"line":61,"column":3}},"22":{"start":{"line":28,"column":4},"end":{"line":28,"column":36}},"23":{"start":{"line":31,"column":2},"end":{"line":58,"column":6}},"24":{"start":{"line":37,"column":18},"end":{"line":37,"column":27}},"25":{"start":{"line":38,"column":6},"end":{"line":56,"column":9}},"26":{"start":{"line":39,"column":8},"end":{"line":55,"column":9}},"27":{"start":{"line":40,"column":10},"end":{"line":54,"column":11}},"28":{"start":{"line":42,"column":14},"end":{"line":42,"column":86}},"29":{"start":{"line":43,"column":14},"end":{"line":43,"column":32}},"30":{"start":{"line":44,"column":14},"end":{"line":44,"column":73}},"31":{"start":{"line":47,"column":14},"end":{"line":47,"column":39}},"32":{"start":{"line":48,"column":14},"end":{"line":48,"column":66}},"33":{"start":{"line":49,"column":14},"end":{"line":49,"column":55}},"34":{"start":{"line":53,"column":14},"end":{"line":53,"column":37}},"35":{"start":{"line":60,"column":2},"end":{"line":60,"column":18}},"36":{"start":{"line":63,"column":15},"end":{"line":63,"column":23}},"37":{"start":{"line":64,"column":0},"end":{"line":64,"column":30}}},"fnMap":{"0":{"name":"_interopRequireDefault","decl":{"start":{"line":12,"column":9},"end":{"line":12,"column":31}},"loc":{"start":{"line":12,"column":37},"end":{"line":12,"column":97}},"line":12},"1":{"name":"_classCallCheck","decl":{"start":{"line":14,"column":9},"end":{"line":14,"column":24}},"loc":{"start":{"line":14,"column":48},"end":{"line":14,"column":153}},"line":14},"2":{"name":"_defineProperties","decl":{"start":{"line":16,"column":9},"end":{"line":16,"column":26}},"loc":{"start":{"line":16,"column":42},"end":{"line":16,"column":317}},"line":16},"3":{"name":"_createClass","decl":{"start":{"line":18,"column":9},"end":{"line":18,"column":21}},"loc":{"start":{"line":18,"column":60},"end":{"line":18,"column":215}},"line":18},"4":{"name":"(anonymous_4)","decl":{"start":{"line":26,"column":0},"end":{"line":26,"column":1}},"loc":{"start":{"line":26,"column":12},"end":{"line":61,"column":1}},"line":26},"5":{"name":"Database","decl":{"start":{"line":27,"column":11},"end":{"line":27,"column":19}},"loc":{"start":{"line":27,"column":22},"end":{"line":29,"column":3}},"line":27},"6":{"name":"query","decl":{"start":{"line":33,"column":20},"end":{"line":33,"column":25}},"loc":{"start":{"line":33,"column":41},"end":{"line":57,"column":5}},"line":33},"7":{"name":"query$","decl":{"start":{"line":38,"column":47},"end":{"line":38,"column":53}},"loc":{"start":{"line":38,"column":64},"end":{"line":56,"column":7}},"line":38}},"branchMap":{"0":{"loc":{"start":{"line":12,"column":46},"end":{"line":12,"column":94}},"type":"cond-expr","locations":[{"start":{"line":12,"column":70},"end":{"line":12,"column":73}},{"start":{"line":12,"column":76},"end":{"line":12,"column":94}}],"line":12},"1":{"loc":{"start":{"line":12,"column":46},"end":{"line":12,"column":67}},"type":"binary-expr","locations":[{"start":{"line":12,"column":46},"end":{"line":12,"column":49}},{"start":{"line":12,"column":53},"end":{"line":12,"column":67}}],"line":12},"2":{"loc":{"start":{"line":14,"column":50},"end":{"line":14,"column":151}},"type":"if","locations":[{"start":{"line":14,"column":50},"end":{"line":14,"column":151}},{"start":{"line":14,"column":50},"end":{"line":14,"column":151}}],"line":14},"3":{"loc":{"start":{"line":16,"column":136},"end":{"line":16,"column":166}},"type":"binary-expr","locations":[{"start":{"line":16,"column":136},"end":{"line":16,"column":157}},{"start":{"line":16,"column":161},"end":{"line":16,"column":166}}],"line":16},"4":{"loc":{"start":{"line":16,"column":200},"end":{"line":16,"column":254}},"type":"if","locations":[{"start":{"line":16,"column":200},"end":{"line":16,"column":254}},{"start":{"line":16,"column":200},"end":{"line":16,"column":254}}],"line":16},"5":{"loc":{"start":{"line":18,"column":62},"end":{"line":18,"column":131}},"type":"if","locations":[{"start":{"line":18,"column":62},"end":{"line":18,"column":131}},{"start":{"line":18,"column":62},"end":{"line":18,"column":131}}],"line":18},"6":{"loc":{"start":{"line":18,"column":132},"end":{"line":18,"column":193}},"type":"if","locations":[{"start":{"line":18,"column":132},"end":{"line":18,"column":193}},{"start":{"line":18,"column":132},"end":{"line":18,"column":193}}],"line":18},"7":{"loc":{"start":{"line":40,"column":10},"end":{"line":54,"column":11}},"type":"switch","locations":[{"start":{"line":41,"column":12},"end":{"line":44,"column":73}},{"start":{"line":46,"column":12},"end":{"line":49,"column":55}},{"start":{"line":51,"column":12},"end":{"line":51,"column":19}},{"start":{"line":52,"column":12},"end":{"line":53,"column":37}}],"line":40},"8":{"loc":{"start":{"line":42,"column":24},"end":{"line":42,"column":85}},"type":"cond-expr","locations":[{"start":{"line":42,"column":69},"end":{"line":42,"column":77}},{"start":{"line":42,"column":80},"end":{"line":42,"column":85}}],"line":42},"9":{"loc":{"start":{"line":42,"column":24},"end":{"line":42,"column":66}},"type":"binary-expr","locations":[{"start":{"line":42,"column":24},"end":{"line":42,"column":40}},{"start":{"line":42,"column":44},"end":{"line":42,"column":66}}],"line":42},"10":{"loc":{"start":{"line":48,"column":23},"end":{"line":48,"column":65}},"type":"cond-expr","locations":[{"start":{"line":48,"column":33},"end":{"line":48,"column":46}},{"start":{"line":48,"column":49},"end":{"line":48,"column":65}}],"line":48}},"s":{"0":1,"1":1,"2":1,"3":1,"4":1,"5":0,"6":0,"7":1,"8":1,"9":1,"10":1,"11":1,"12":1,"13":1,"14":1,"15":1,"16":0,"17":1,"18":1,"19":1,"20":1,"21":1,"22":0,"23":1,"24":9,"25":9,"26":13,"27":13,"28":9,"29":9,"30":9,"31":0,"32":0,"33":0,"34":4,"35":1,"36":1,"37":1},"f":{"0":1,"1":0,"2":1,"3":1,"4":1,"5":0,"6":9,"7":13},"b":{"0":[1,0],"1":[1,1],"2":[0,0],"3":[1,1],"4":[1,0],"5":[0,1],"6":[1,0],"7":[9,0,0,4],"8":[0,9],"9":[9,0],"10":[0,0]},"_coverageSchema":"43e27e138ebf9cfc5966b082cf9a028302ed4184","hash":"b3da7b585b65ca0d3f91ce898e61d97cc5ac34a7","contentHash":"d1353ce65599fcae3923e028ff031d691ffadb1988f05462e60f1ca76f43cb3e"},"C:\\Users\\Chidave291\\Desktop\\Devc Projects\\Teamwork-Devc\\server\\utils\\helper.js":{"path":"C:\\Users\\Chidave291\\Desktop\\Devc Projects\\Teamwork-Devc\\server\\utils\\helper.js","statementMap":{"0":{"start":{"line":3,"column":0},"end":{"line":5,"column":3}},"1":{"start":{"line":6,"column":0},"end":{"line":6,"column":28}},"2":{"start":{"line":8,"column":0},"end":{"line":8,"column":25}},"3":{"start":{"line":10,"column":13},"end":{"line":10,"column":15}},"4":{"start":{"line":12,"column":0},"end":{"line":27,"column":1}},"5":{"start":{"line":14,"column":4},"end":{"line":14,"column":41}},"6":{"start":{"line":15,"column":4},"end":{"line":15,"column":35}},"7":{"start":{"line":16,"column":4},"end":{"line":16,"column":10}},"8":{"start":{"line":19,"column":4},"end":{"line":19,"column":38}},"9":{"start":{"line":20,"column":4},"end":{"line":20,"column":35}},"10":{"start":{"line":21,"column":4},"end":{"line":21,"column":10}},"11":{"start":{"line":24,"column":4},"end":{"line":24,"column":38}},"12":{"start":{"line":25,"column":4},"end":{"line":25,"column":43}},"13":{"start":{"line":26,"column":4},"end":{"line":26,"column":10}},"14":{"start":{"line":29,"column":15},"end":{"line":29,"column":21}},"15":{"start":{"line":30,"column":0},"end":{"line":30,"column":30}}},"fnMap":{},"branchMap":{"0":{"loc":{"start":{"line":12,"column":0},"end":{"line":27,"column":1}},"type":"switch","locations":[{"start":{"line":13,"column":2},"end":{"line":16,"column":10}},{"start":{"line":18,"column":2},"end":{"line":21,"column":10}},{"start":{"line":23,"column":2},"end":{"line":26,"column":10}}],"line":12},"1":{"loc":{"start":{"line":25,"column":18},"end":{"line":25,"column":42}},"type":"binary-expr","locations":[{"start":{"line":25,"column":18},"end":{"line":25,"column":34}},{"start":{"line":25,"column":38},"end":{"line":25,"column":42}}],"line":25}},"s":{"0":1,"1":1,"2":1,"3":1,"4":1,"5":0,"6":0,"7":0,"8":0,"9":0,"10":0,"11":1,"12":1,"13":1,"14":1,"15":1},"f":{},"b":{"0":[0,0,1],"1":[1,1]},"_coverageSchema":"43e27e138ebf9cfc5966b082cf9a028302ed4184","hash":"e4215bcaa9dfeff4a8e2d5546ef30518450ceba3","contentHash":"4526a2f62aca933430e0b691a6076e32d837d23fd6e1dd5a2ff1d3762d89acc8"},"C:\\Users\\Chidave291\\Desktop\\Devc Projects\\Teamwork-Devc\\server\\middleware\\jsonWebToken.js":{"path":"C:\\Users\\Chidave291\\Desktop\\Devc Projects\\Teamwork-Devc\\server\\middleware\\jsonWebToken.js","statementMap":{"0":{"start":{"line":3,"column":0},"end":{"line":5,"column":3}},"1":{"start":{"line":6,"column":0},"end":{"line":6,"column":28}},"2":{"start":{"line":8,"column":20},"end":{"line":8,"column":67}},"3":{"start":{"line":10,"column":0},"end":{"line":10,"column":25}},"4":{"start":{"line":12,"column":39},"end":{"line":12,"column":95}},"5":{"start":{"line":14,"column":50},"end":{"line":14,"column":151}},"6":{"start":{"line":14,"column":92},"end":{"line":14,"column":149}},"7":{"start":{"line":16,"column":44},"end":{"line":16,"column":315}},"8":{"start":{"line":16,"column":57},"end":{"line":16,"column":58}},"9":{"start":{"line":16,"column":102},"end":{"line":16,"column":110}},"10":{"start":{"line":16,"column":112},"end":{"line":16,"column":167}},"11":{"start":{"line":16,"column":168},"end":{"line":16,"column":199}},"12":{"start":{"line":16,"column":200},"end":{"line":16,"column":254}},"13":{"start":{"line":16,"column":227},"end":{"line":16,"column":254}},"14":{"start":{"line":16,"column":255},"end":{"line":16,"column":313}},"15":{"start":{"line":18,"column":62},"end":{"line":18,"column":131}},"16":{"start":{"line":18,"column":78},"end":{"line":18,"column":131}},"17":{"start":{"line":18,"column":132},"end":{"line":18,"column":193}},"18":{"start":{"line":18,"column":149},"end":{"line":18,"column":193}},"19":{"start":{"line":18,"column":194},"end":{"line":18,"column":213}},"20":{"start":{"line":22,"column":0},"end":{"line":57,"column":3}},"21":{"start":{"line":24,"column":4},"end":{"line":24,"column":31}},"22":{"start":{"line":27,"column":2},"end":{"line":54,"column":6}},"23":{"start":{"line":30,"column":6},"end":{"line":30,"column":76}},"24":{"start":{"line":35,"column":6},"end":{"line":52,"column":7}},"25":{"start":{"line":36,"column":8},"end":{"line":38,"column":9}},"26":{"start":{"line":37,"column":10},"end":{"line":37,"column":63}},"27":{"start":{"line":40,"column":20},"end":{"line":40,"column":59}},"28":{"start":{"line":42,"column":8},"end":{"line":49,"column":11}},"29":{"start":{"line":43,"column":10},"end":{"line":45,"column":11}},"30":{"start":{"line":44,"column":12},"end":{"line":44,"column":57}},"31":{"start":{"line":47,"column":10},"end":{"line":47,"column":30}},"32":{"start":{"line":48,"column":10},"end":{"line":48,"column":17}},"33":{"start":{"line":51,"column":8},"end":{"line":51,"column":20}},"34":{"start":{"line":56,"column":2},"end":{"line":56,"column":13}},"35":{"start":{"line":59,"column":15},"end":{"line":59,"column":18}},"36":{"start":{"line":60,"column":0},"end":{"line":60,"column":30}}},"fnMap":{"0":{"name":"_interopRequireDefault","decl":{"start":{"line":12,"column":9},"end":{"line":12,"column":31}},"loc":{"start":{"line":12,"column":37},"end":{"line":12,"column":97}},"line":12},"1":{"name":"_classCallCheck","decl":{"start":{"line":14,"column":9},"end":{"line":14,"column":24}},"loc":{"start":{"line":14,"column":48},"end":{"line":14,"column":153}},"line":14},"2":{"name":"_defineProperties","decl":{"start":{"line":16,"column":9},"end":{"line":16,"column":26}},"loc":{"start":{"line":16,"column":42},"end":{"line":16,"column":317}},"line":16},"3":{"name":"_createClass","decl":{"start":{"line":18,"column":9},"end":{"line":18,"column":21}},"loc":{"start":{"line":18,"column":60},"end":{"line":18,"column":215}},"line":18},"4":{"name":"(anonymous_4)","decl":{"start":{"line":22,"column":0},"end":{"line":22,"column":1}},"loc":{"start":{"line":22,"column":12},"end":{"line":57,"column":1}},"line":22},"5":{"name":"JWT","decl":{"start":{"line":23,"column":11},"end":{"line":23,"column":14}},"loc":{"start":{"line":23,"column":17},"end":{"line":25,"column":3}},"line":23},"6":{"name":"generateToken","decl":{"start":{"line":29,"column":20},"end":{"line":29,"column":33}},"loc":{"start":{"line":29,"column":43},"end":{"line":31,"column":5}},"line":29},"7":{"name":"authenticate","decl":{"start":{"line":34,"column":20},"end":{"line":34,"column":32}},"loc":{"start":{"line":34,"column":49},"end":{"line":53,"column":5}},"line":34},"8":{"name":"(anonymous_8)","decl":{"start":{"line":42,"column":71},"end":{"line":42,"column":72}},"loc":{"start":{"line":42,"column":96},"end":{"line":49,"column":9}},"line":42}},"branchMap":{"0":{"loc":{"start":{"line":12,"column":46},"end":{"line":12,"column":94}},"type":"cond-expr","locations":[{"start":{"line":12,"column":70},"end":{"line":12,"column":73}},{"start":{"line":12,"column":76},"end":{"line":12,"column":94}}],"line":12},"1":{"loc":{"start":{"line":12,"column":46},"end":{"line":12,"column":67}},"type":"binary-expr","locations":[{"start":{"line":12,"column":46},"end":{"line":12,"column":49}},{"start":{"line":12,"column":53},"end":{"line":12,"column":67}}],"line":12},"2":{"loc":{"start":{"line":14,"column":50},"end":{"line":14,"column":151}},"type":"if","locations":[{"start":{"line":14,"column":50},"end":{"line":14,"column":151}},{"start":{"line":14,"column":50},"end":{"line":14,"column":151}}],"line":14},"3":{"loc":{"start":{"line":16,"column":136},"end":{"line":16,"column":166}},"type":"binary-expr","locations":[{"start":{"line":16,"column":136},"end":{"line":16,"column":157}},{"start":{"line":16,"column":161},"end":{"line":16,"column":166}}],"line":16},"4":{"loc":{"start":{"line":16,"column":200},"end":{"line":16,"column":254}},"type":"if","locations":[{"start":{"line":16,"column":200},"end":{"line":16,"column":254}},{"start":{"line":16,"column":200},"end":{"line":16,"column":254}}],"line":16},"5":{"loc":{"start":{"line":18,"column":62},"end":{"line":18,"column":131}},"type":"if","locations":[{"start":{"line":18,"column":62},"end":{"line":18,"column":131}},{"start":{"line":18,"column":62},"end":{"line":18,"column":131}}],"line":18},"6":{"loc":{"start":{"line":18,"column":132},"end":{"line":18,"column":193}},"type":"if","locations":[{"start":{"line":18,"column":132},"end":{"line":18,"column":193}},{"start":{"line":18,"column":132},"end":{"line":18,"column":193}}],"line":18},"7":{"loc":{"start":{"line":36,"column":8},"end":{"line":38,"column":9}},"type":"if","locations":[{"start":{"line":36,"column":8},"end":{"line":38,"column":9}},{"start":{"line":36,"column":8},"end":{"line":38,"column":9}}],"line":36},"8":{"loc":{"start":{"line":43,"column":10},"end":{"line":45,"column":11}},"type":"if","locations":[{"start":{"line":43,"column":10},"end":{"line":45,"column":11}},{"start":{"line":43,"column":10},"end":{"line":45,"column":11}}],"line":43}},"s":{"0":1,"1":1,"2":1,"3":1,"4":1,"5":0,"6":0,"7":1,"8":1,"9":2,"10":2,"11":2,"12":2,"13":2,"14":2,"15":1,"16":0,"17":1,"18":1,"19":1,"20":1,"21":0,"22":1,"23":0,"24":1,"25":1,"26":0,"27":1,"28":1,"29":1,"30":1,"31":0,"32":0,"33":1,"34":1,"35":1,"36":1},"f":{"0":1,"1":0,"2":1,"3":1,"4":1,"5":0,"6":0,"7":1,"8":1},"b":{"0":[0,1],"1":[1,1],"2":[0,0],"3":[2,2],"4":[2,0],"5":[0,1],"6":[1,0],"7":[0,1],"8":[1,0]},"_coverageSchema":"43e27e138ebf9cfc5966b082cf9a028302ed4184","hash":"af3994743c53e98b1bd8da829f72027c5967b645","contentHash":"583fb29aec76a34c6681669e47897866d8385c9d8415aafdb5da9330b0a50ebf"},"C:\\Users\\Chidave291\\Desktop\\Devc Projects\\Teamwork-Devc\\server\\routes\\gifRoutes.js":{"path":"C:\\Users\\Chidave291\\Desktop\\Devc Projects\\Teamwork-Devc\\server\\routes\\gifRoutes.js","statementMap":{"0":{"start":{"line":3,"column":0},"end":{"line":5,"column":3}},"1":{"start":{"line":6,"column":0},"end":{"line":6,"column":28}},"2":{"start":{"line":8,"column":15},"end":{"line":8,"column":33}},"3":{"start":{"line":10,"column":14},"end":{"line":10,"column":55}},"4":{"start":{"line":12,"column":21},"end":{"line":12,"column":83}},"5":{"start":{"line":14,"column":25},"end":{"line":14,"column":91}},"6":{"start":{"line":16,"column":20},"end":{"line":16,"column":81}},"7":{"start":{"line":18,"column":39},"end":{"line":18,"column":95}},"8":{"start":{"line":20,"column":14},"end":{"line":20,"column":48}},"9":{"start":{"line":22,"column":13},"end":{"line":24,"column":18}},"10":{"start":{"line":25,"column":16},"end":{"line":25,"column":38}},"11":{"start":{"line":26,"column":0},"end":{"line":26,"column":146}},"12":{"start":{"line":27,"column":0},"end":{"line":27,"column":109}},"13":{"start":{"line":28,"column":15},"end":{"line":28,"column":24}},"14":{"start":{"line":29,"column":0},"end":{"line":29,"column":30}}},"fnMap":{"0":{"name":"_interopRequireDefault","decl":{"start":{"line":18,"column":9},"end":{"line":18,"column":31}},"loc":{"start":{"line":18,"column":37},"end":{"line":18,"column":97}},"line":18}},"branchMap":{"0":{"loc":{"start":{"line":18,"column":46},"end":{"line":18,"column":94}},"type":"cond-expr","locations":[{"start":{"line":18,"column":70},"end":{"line":18,"column":73}},{"start":{"line":18,"column":76},"end":{"line":18,"column":94}}],"line":18},"1":{"loc":{"start":{"line":18,"column":46},"end":{"line":18,"column":67}},"type":"binary-expr","locations":[{"start":{"line":18,"column":46},"end":{"line":18,"column":49}},{"start":{"line":18,"column":53},"end":{"line":18,"column":67}}],"line":18}},"s":{"0":1,"1":1,"2":1,"3":1,"4":1,"5":1,"6":1,"7":4,"8":1,"9":1,"10":1,"11":1,"12":1,"13":1,"14":1},"f":{"0":4},"b":{"0":[3,1],"1":[4,4]},"_coverageSchema":"43e27e138ebf9cfc5966b082cf9a028302ed4184","hash":"bb4e7ef43f25259514c994bd973def12a67842ba","contentHash":"535cc7f4e1d277c2af0af3e5205cc20f4386af35bbeb2c15d4542e99a0b246b0"},"C:\\Users\\Chidave291\\Desktop\\Devc Projects\\Teamwork-Devc\\server\\controller\\gifcontroller.js":{"path":"C:\\Users\\Chidave291\\Desktop\\Devc Projects\\Teamwork-Devc\\server\\controller\\gifcontroller.js","statementMap":{"0":{"start":{"line":3,"column":0},"end":{"line":5,"column":3}},"1":{"start":{"line":6,"column":0},"end":{"line":6,"column":28}},"2":{"start":{"line":8,"column":11},"end":{"line":8,"column":59}},"3":{"start":{"line":10,"column":15},"end":{"line":10,"column":67}},"4":{"start":{"line":12,"column":39},"end":{"line":12,"column":95}},"5":{"start":{"line":14,"column":35},"end":{"line":14,"column":115}},"6":{"start":{"line":16,"column":32},"end":{"line":16,"column":103}},"7":{"start":{"line":18,"column":34},"end":{"line":18,"column":160}},"8":{"start":{"line":18,"column":136},"end":{"line":18,"column":160}},"9":{"start":{"line":20,"column":35},"end":{"line":20,"column":164}},"10":{"start":{"line":20,"column":61},"end":{"line":20,"column":149}},"11":{"start":{"line":20,"column":74},"end":{"line":20,"column":75}},"12":{"start":{"line":20,"column":84},"end":{"line":20,"column":105}},"13":{"start":{"line":20,"column":130},"end":{"line":20,"column":147}},"14":{"start":{"line":20,"column":150},"end":{"line":20,"column":162}},"15":{"start":{"line":22,"column":54},"end":{"line":22,"column":73}},"16":{"start":{"line":22,"column":75},"end":{"line":22,"column":326}},"17":{"start":{"line":22,"column":125},"end":{"line":22,"column":161}},"18":{"start":{"line":22,"column":163},"end":{"line":22,"column":292}},"19":{"start":{"line":22,"column":183},"end":{"line":22,"column":292}},"20":{"start":{"line":22,"column":225},"end":{"line":22,"column":288}},"21":{"start":{"line":22,"column":293},"end":{"line":22,"column":324}},"22":{"start":{"line":22,"column":327},"end":{"line":22,"column":339}},"23":{"start":{"line":24,"column":33},"end":{"line":24,"column":501}},"24":{"start":{"line":24,"column":46},"end":{"line":24,"column":47}},"25":{"start":{"line":24,"column":91},"end":{"line":24,"column":131}},"26":{"start":{"line":24,"column":133},"end":{"line":24,"column":499}},"27":{"start":{"line":24,"column":146},"end":{"line":24,"column":239}},"28":{"start":{"line":24,"column":193},"end":{"line":24,"column":235}},"29":{"start":{"line":24,"column":247},"end":{"line":24,"column":499}},"30":{"start":{"line":24,"column":287},"end":{"line":24,"column":361}},"31":{"start":{"line":24,"column":371},"end":{"line":24,"column":497}},"32":{"start":{"line":24,"column":412},"end":{"line":24,"column":493}},"33":{"start":{"line":24,"column":502},"end":{"line":24,"column":516}},"34":{"start":{"line":26,"column":44},"end":{"line":26,"column":195}},"35":{"start":{"line":26,"column":62},"end":{"line":26,"column":166}},"36":{"start":{"line":26,"column":176},"end":{"line":26,"column":193}},"37":{"start":{"line":26,"column":196},"end":{"line":26,"column":207}},"38":{"start":{"line":28,"column":50},"end":{"line":28,"column":151}},"39":{"start":{"line":28,"column":92},"end":{"line":28,"column":149}},"40":{"start":{"line":30,"column":44},"end":{"line":30,"column":315}},"41":{"start":{"line":30,"column":57},"end":{"line":30,"column":58}},"42":{"start":{"line":30,"column":102},"end":{"line":30,"column":110}},"43":{"start":{"line":30,"column":112},"end":{"line":30,"column":167}},"44":{"start":{"line":30,"column":168},"end":{"line":30,"column":199}},"45":{"start":{"line":30,"column":200},"end":{"line":30,"column":254}},"46":{"start":{"line":30,"column":227},"end":{"line":30,"column":254}},"47":{"start":{"line":30,"column":255},"end":{"line":30,"column":313}},"48":{"start":{"line":32,"column":62},"end":{"line":32,"column":131}},"49":{"start":{"line":32,"column":78},"end":{"line":32,"column":131}},"50":{"start":{"line":32,"column":132},"end":{"line":32,"column":193}},"51":{"start":{"line":32,"column":149},"end":{"line":32,"column":193}},"52":{"start":{"line":32,"column":194},"end":{"line":32,"column":213}},"53":{"start":{"line":36,"column":0},"end":{"line":167,"column":3}},"54":{"start":{"line":38,"column":4},"end":{"line":38,"column":41}},"55":{"start":{"line":41,"column":2},"end":{"line":164,"column":6}},"56":{"start":{"line":45,"column":6},"end":{"line":85,"column":32}},"57":{"start":{"line":46,"column":8},"end":{"line":84,"column":9}},"58":{"start":{"line":47,"column":10},"end":{"line":83,"column":11}},"59":{"start":{"line":49,"column":14},"end":{"line":49,"column":32}},"60":{"start":{"line":50,"column":14},"end":{"line":50,"column":32}},"61":{"start":{"line":51,"column":14},"end":{"line":51,"column":115}},"62":{"start":{"line":54,"column":14},"end":{"line":54,"column":34}},"63":{"start":{"line":56,"column":14},"end":{"line":59,"column":15}},"64":{"start":{"line":57,"column":16},"end":{"line":57,"column":34}},"65":{"start":{"line":58,"column":16},"end":{"line":58,"column":22}},"66":{"start":{"line":61,"column":14},"end":{"line":61,"column":61}},"67":{"start":{"line":64,"column":14},"end":{"line":64,"column":56}},"68":{"start":{"line":65,"column":14},"end":{"line":67,"column":17}},"69":{"start":{"line":68,"column":14},"end":{"line":71,"column":17}},"70":{"start":{"line":72,"column":14},"end":{"line":72,"column":33}},"71":{"start":{"line":73,"column":14},"end":{"line":73,"column":20}},"72":{"start":{"line":76,"column":14},"end":{"line":76,"column":33}},"73":{"start":{"line":77,"column":14},"end":{"line":77,"column":49}},"74":{"start":{"line":78,"column":14},"end":{"line":78,"column":32}},"75":{"start":{"line":82,"column":14},"end":{"line":82,"column":37}},"76":{"start":{"line":91,"column":6},"end":{"line":127,"column":32}},"77":{"start":{"line":92,"column":8},"end":{"line":126,"column":9}},"78":{"start":{"line":93,"column":10},"end":{"line":125,"column":11}},"79":{"start":{"line":95,"column":14},"end":{"line":95,"column":33}},"80":{"start":{"line":96,"column":14},"end":{"line":96,"column":33}},"81":{"start":{"line":97,"column":14},"end":{"line":97,"column":85}},"82":{"start":{"line":100,"column":14},"end":{"line":100,"column":35}},"83":{"start":{"line":101,"column":14},"end":{"line":101,"column":33}},"84":{"start":{"line":102,"column":14},"end":{"line":102,"column":93}},"85":{"start":{"line":105,"column":14},"end":{"line":105,"column":39}},"86":{"start":{"line":106,"column":14},"end":{"line":106,"column":53}},"87":{"start":{"line":107,"column":14},"end":{"line":109,"column":17}},"88":{"start":{"line":110,"column":14},"end":{"line":113,"column":17}},"89":{"start":{"line":114,"column":14},"end":{"line":114,"column":34}},"90":{"start":{"line":115,"column":14},"end":{"line":115,"column":20}},"91":{"start":{"line":118,"column":14},"end":{"line":118,"column":34}},"92":{"start":{"line":119,"column":14},"end":{"line":119,"column":51}},"93":{"start":{"line":120,"column":14},"end":{"line":120,"column":33}},"94":{"start":{"line":124,"column":14},"end":{"line":124,"column":38}},"95":{"start":{"line":133,"column":6},"end":{"line":162,"column":31}},"96":{"start":{"line":134,"column":8},"end":{"line":161,"column":9}},"97":{"start":{"line":135,"column":10},"end":{"line":160,"column":11}},"98":{"start":{"line":137,"column":14},"end":{"line":137,"column":33}},"99":{"start":{"line":138,"column":14},"end":{"line":138,"column":33}},"100":{"start":{"line":139,"column":14},"end":{"line":139,"column":105}},"101":{"start":{"line":142,"column":14},"end":{"line":144,"column":16}},"102":{"start":{"line":145,"column":14},"end":{"line":148,"column":17}},"103":{"start":{"line":149,"column":14},"end":{"line":149,"column":34}},"104":{"start":{"line":150,"column":14},"end":{"line":150,"column":20}},"105":{"start":{"line":153,"column":14},"end":{"line":153,"column":33}},"106":{"start":{"line":154,"column":14},"end":{"line":154,"column":51}},"107":{"start":{"line":155,"column":14},"end":{"line":155,"column":33}},"108":{"start":{"line":159,"column":14},"end":{"line":159,"column":38}},"109":{"start":{"line":166,"column":2},"end":{"line":166,"column":23}},"110":{"start":{"line":169,"column":15},"end":{"line":169,"column":28}},"111":{"start":{"line":170,"column":0},"end":{"line":170,"column":30}}},"fnMap":{"0":{"name":"_interopRequireDefault","decl":{"start":{"line":12,"column":9},"end":{"line":12,"column":31}},"loc":{"start":{"line":12,"column":37},"end":{"line":12,"column":97}},"line":12},"1":{"name":"_toConsumableArray","decl":{"start":{"line":14,"column":9},"end":{"line":14,"column":27}},"loc":{"start":{"line":14,"column":33},"end":{"line":14,"column":117}},"line":14},"2":{"name":"_nonIterableSpread","decl":{"start":{"line":16,"column":9},"end":{"line":16,"column":27}},"loc":{"start":{"line":16,"column":30},"end":{"line":16,"column":105}},"line":16},"3":{"name":"_iterableToArray","decl":{"start":{"line":18,"column":9},"end":{"line":18,"column":25}},"loc":{"start":{"line":18,"column":32},"end":{"line":18,"column":162}},"line":18},"4":{"name":"_arrayWithoutHoles","decl":{"start":{"line":20,"column":9},"end":{"line":20,"column":27}},"loc":{"start":{"line":20,"column":33},"end":{"line":20,"column":166}},"line":20},"5":{"name":"ownKeys","decl":{"start":{"line":22,"column":9},"end":{"line":22,"column":16}},"loc":{"start":{"line":22,"column":41},"end":{"line":22,"column":341}},"line":22},"6":{"name":"(anonymous_6)","decl":{"start":{"line":22,"column":208},"end":{"line":22,"column":209}},"loc":{"start":{"line":22,"column":223},"end":{"line":22,"column":290}},"line":22},"7":{"name":"_objectSpread","decl":{"start":{"line":24,"column":9},"end":{"line":24,"column":22}},"loc":{"start":{"line":24,"column":31},"end":{"line":24,"column":518}},"line":24},"8":{"name":"(anonymous_8)","decl":{"start":{"line":24,"column":176},"end":{"line":24,"column":177}},"loc":{"start":{"line":24,"column":191},"end":{"line":24,"column":237}},"line":24},"9":{"name":"(anonymous_9)","decl":{"start":{"line":24,"column":395},"end":{"line":24,"column":396}},"loc":{"start":{"line":24,"column":410},"end":{"line":24,"column":495}},"line":24},"10":{"name":"_defineProperty","decl":{"start":{"line":26,"column":9},"end":{"line":26,"column":24}},"loc":{"start":{"line":26,"column":42},"end":{"line":26,"column":209}},"line":26},"11":{"name":"_classCallCheck","decl":{"start":{"line":28,"column":9},"end":{"line":28,"column":24}},"loc":{"start":{"line":28,"column":48},"end":{"line":28,"column":153}},"line":28},"12":{"name":"_defineProperties","decl":{"start":{"line":30,"column":9},"end":{"line":30,"column":26}},"loc":{"start":{"line":30,"column":42},"end":{"line":30,"column":317}},"line":30},"13":{"name":"_createClass","decl":{"start":{"line":32,"column":9},"end":{"line":32,"column":21}},"loc":{"start":{"line":32,"column":60},"end":{"line":32,"column":215}},"line":32},"14":{"name":"(anonymous_14)","decl":{"start":{"line":36,"column":0},"end":{"line":36,"column":1}},"loc":{"start":{"line":36,"column":12},"end":{"line":167,"column":1}},"line":36},"15":{"name":"GifController","decl":{"start":{"line":37,"column":11},"end":{"line":37,"column":24}},"loc":{"start":{"line":37,"column":27},"end":{"line":39,"column":3}},"line":37},"16":{"name":"createGif","decl":{"start":{"line":43,"column":20},"end":{"line":43,"column":29}},"loc":{"start":{"line":43,"column":46},"end":{"line":86,"column":5}},"line":43},"17":{"name":"createGif$","decl":{"start":{"line":45,"column":47},"end":{"line":45,"column":57}},"loc":{"start":{"line":45,"column":68},"end":{"line":85,"column":7}},"line":45},"18":{"name":"getSpecificGif","decl":{"start":{"line":89,"column":20},"end":{"line":89,"column":34}},"loc":{"start":{"line":89,"column":51},"end":{"line":128,"column":5}},"line":89},"19":{"name":"getSpecificGif$","decl":{"start":{"line":91,"column":47},"end":{"line":91,"column":62}},"loc":{"start":{"line":91,"column":74},"end":{"line":127,"column":7}},"line":91},"20":{"name":"deleteGif","decl":{"start":{"line":131,"column":20},"end":{"line":131,"column":29}},"loc":{"start":{"line":131,"column":46},"end":{"line":163,"column":5}},"line":131},"21":{"name":"deleteGif$","decl":{"start":{"line":133,"column":47},"end":{"line":133,"column":57}},"loc":{"start":{"line":133,"column":69},"end":{"line":162,"column":7}},"line":133}},"branchMap":{"0":{"loc":{"start":{"line":12,"column":46},"end":{"line":12,"column":94}},"type":"cond-expr","locations":[{"start":{"line":12,"column":70},"end":{"line":12,"column":73}},{"start":{"line":12,"column":76},"end":{"line":12,"column":94}}],"line":12},"1":{"loc":{"start":{"line":12,"column":46},"end":{"line":12,"column":67}},"type":"binary-expr","locations":[{"start":{"line":12,"column":46},"end":{"line":12,"column":49}},{"start":{"line":12,"column":53},"end":{"line":12,"column":67}}],"line":12},"2":{"loc":{"start":{"line":14,"column":42},"end":{"line":14,"column":114}},"type":"binary-expr","locations":[{"start":{"line":14,"column":42},"end":{"line":14,"column":65}},{"start":{"line":14,"column":69},"end":{"line":14,"column":90}},{"start":{"line":14,"column":94},"end":{"line":14,"column":114}}],"line":14},"3":{"loc":{"start":{"line":18,"column":34},"end":{"line":18,"column":160}},"type":"if","locations":[{"start":{"line":18,"column":34},"end":{"line":18,"column":160}},{"start":{"line":18,"column":34},"end":{"line":18,"column":160}}],"line":18},"4":{"loc":{"start":{"line":18,"column":38},"end":{"line":18,"column":134}},"type":"binary-expr","locations":[{"start":{"line":18,"column":38},"end":{"line":18,"column":69}},{"start":{"line":18,"column":73},"end":{"line":18,"column":134}}],"line":18},"5":{"loc":{"start":{"line":20,"column":35},"end":{"line":20,"column":164}},"type":"if","locations":[{"start":{"line":20,"column":35},"end":{"line":20,"column":164}},{"start":{"line":20,"column":35},"end":{"line":20,"column":164}}],"line":20},"6":{"loc":{"start":{"line":22,"column":75},"end":{"line":22,"column":326}},"type":"if","locations":[{"start":{"line":22,"column":75},"end":{"line":22,"column":326}},{"start":{"line":22,"column":75},"end":{"line":22,"column":326}}],"line":22},"7":{"loc":{"start":{"line":22,"column":163},"end":{"line":22,"column":292}},"type":"if","locations":[{"start":{"line":22,"column":163},"end":{"line":22,"column":292}},{"start":{"line":22,"column":163},"end":{"line":22,"column":292}}],"line":22},"8":{"loc":{"start":{"line":24,"column":91},"end":{"line":24,"column":131}},"type":"cond-expr","locations":[{"start":{"line":24,"column":114},"end":{"line":24,"column":126}},{"start":{"line":24,"column":129},"end":{"line":24,"column":131}}],"line":24},"9":{"loc":{"start":{"line":24,"column":133},"end":{"line":24,"column":499}},"type":"if","locations":[{"start":{"line":24,"column":133},"end":{"line":24,"column":499}},{"start":{"line":24,"column":133},"end":{"line":24,"column":499}}],"line":24},"10":{"loc":{"start":{"line":24,"column":247},"end":{"line":24,"column":499}},"type":"if","locations":[{"start":{"line":24,"column":247},"end":{"line":24,"column":499}},{"start":{"line":24,"column":247},"end":{"line":24,"column":499}}],"line":24},"11":{"loc":{"start":{"line":26,"column":44},"end":{"line":26,"column":195}},"type":"if","locations":[{"start":{"line":26,"column":44},"end":{"line":26,"column":195}},{"start":{"line":26,"column":44},"end":{"line":26,"column":195}}],"line":26},"12":{"loc":{"start":{"line":28,"column":50},"end":{"line":28,"column":151}},"type":"if","locations":[{"start":{"line":28,"column":50},"end":{"line":28,"column":151}},{"start":{"line":28,"column":50},"end":{"line":28,"column":151}}],"line":28},"13":{"loc":{"start":{"line":30,"column":136},"end":{"line":30,"column":166}},"type":"binary-expr","locations":[{"start":{"line":30,"column":136},"end":{"line":30,"column":157}},{"start":{"line":30,"column":161},"end":{"line":30,"column":166}}],"line":30},"14":{"loc":{"start":{"line":30,"column":200},"end":{"line":30,"column":254}},"type":"if","locations":[{"start":{"line":30,"column":200},"end":{"line":30,"column":254}},{"start":{"line":30,"column":200},"end":{"line":30,"column":254}}],"line":30},"15":{"loc":{"start":{"line":32,"column":62},"end":{"line":32,"column":131}},"type":"if","locations":[{"start":{"line":32,"column":62},"end":{"line":32,"column":131}},{"start":{"line":32,"column":62},"end":{"line":32,"column":131}}],"line":32},"16":{"loc":{"start":{"line":32,"column":132},"end":{"line":32,"column":193}},"type":"if","locations":[{"start":{"line":32,"column":132},"end":{"line":32,"column":193}},{"start":{"line":32,"column":132},"end":{"line":32,"column":193}}],"line":32},"17":{"loc":{"start":{"line":47,"column":10},"end":{"line":83,"column":11}},"type":"switch","locations":[{"start":{"line":48,"column":12},"end":{"line":51,"column":115}},{"start":{"line":53,"column":12},"end":{"line":61,"column":61}},{"start":{"line":63,"column":12},"end":{"line":73,"column":20}},{"start":{"line":75,"column":12},"end":{"line":78,"column":32}},{"start":{"line":80,"column":12},"end":{"line":80,"column":20}},{"start":{"line":81,"column":12},"end":{"line":82,"column":37}}],"line":47},"18":{"loc":{"start":{"line":56,"column":14},"end":{"line":59,"column":15}},"type":"if","locations":[{"start":{"line":56,"column":14},"end":{"line":59,"column":15}},{"start":{"line":56,"column":14},"end":{"line":59,"column":15}}],"line":56},"19":{"loc":{"start":{"line":93,"column":10},"end":{"line":125,"column":11}},"type":"switch","locations":[{"start":{"line":94,"column":12},"end":{"line":97,"column":85}},{"start":{"line":99,"column":12},"end":{"line":102,"column":93}},{"start":{"line":104,"column":12},"end":{"line":115,"column":20}},{"start":{"line":117,"column":12},"end":{"line":120,"column":33}},{"start":{"line":122,"column":12},"end":{"line":122,"column":20}},{"start":{"line":123,"column":12},"end":{"line":124,"column":38}}],"line":93},"20":{"loc":{"start":{"line":135,"column":10},"end":{"line":160,"column":11}},"type":"switch","locations":[{"start":{"line":136,"column":12},"end":{"line":139,"column":105}},{"start":{"line":141,"column":12},"end":{"line":150,"column":20}},{"start":{"line":152,"column":12},"end":{"line":155,"column":33}},{"start":{"line":157,"column":12},"end":{"line":157,"column":20}},{"start":{"line":158,"column":12},"end":{"line":159,"column":38}}],"line":135}},"s":{"0":1,"1":1,"2":1,"3":1,"4":2,"5":0,"6":0,"7":0,"8":0,"9":0,"10":0,"11":0,"12":0,"13":0,"14":0,"15":0,"16":0,"17":0,"18":0,"19":0,"20":0,"21":0,"22":0,"23":0,"24":0,"25":0,"26":0,"27":0,"28":0,"29":0,"30":0,"31":0,"32":0,"33":0,"34":0,"35":0,"36":0,"37":0,"38":0,"39":0,"40":1,"41":1,"42":3,"43":3,"44":3,"45":3,"46":3,"47":3,"48":1,"49":0,"50":1,"51":1,"52":1,"53":1,"54":0,"55":1,"56":0,"57":0,"58":0,"59":0,"60":0,"61":0,"62":0,"63":0,"64":0,"65":0,"66":0,"67":0,"68":0,"69":0,"70":0,"71":0,"72":0,"73":0,"74":0,"75":0,"76":0,"77":0,"78":0,"79":0,"80":0,"81":0,"82":0,"83":0,"84":0,"85":0,"86":0,"87":0,"88":0,"89":0,"90":0,"91":0,"92":0,"93":0,"94":0,"95":0,"96":0,"97":0,"98":0,"99":0,"100":0,"101":0,"102":0,"103":0,"104":0,"105":0,"106":0,"107":0,"108":0,"109":1,"110":1,"111":1},"f":{"0":2,"1":0,"2":0,"3":0,"4":0,"5":0,"6":0,"7":0,"8":0,"9":0,"10":0,"11":0,"12":1,"13":1,"14":1,"15":0,"16":0,"17":0,"18":0,"19":0,"20":0,"21":0},"b":{"0":[2,0],"1":[2,2],"2":[0,0,0],"3":[0,0],"4":[0,0],"5":[0,0],"6":[0,0],"7":[0,0],"8":[0,0],"9":[0,0],"10":[0,0],"11":[0,0],"12":[0,0],"13":[3,3],"14":[3,0],"15":[0,1],"16":[1,0],"17":[0,0,0,0,0,0],"18":[0,0],"19":[0,0,0,0,0,0],"20":[0,0,0,0,0]},"_coverageSchema":"43e27e138ebf9cfc5966b082cf9a028302ed4184","hash":"4cea54479b6b2222b7089d7bbd71558f21810477","contentHash":"680379acbaf8b9d8ea09c35f05e28367597d709ef4a7cf49c814e478d68e7764"},"C:\\Users\\Chidave291\\Desktop\\Devc Projects\\Teamwork-Devc\\server\\models\\gif.js":{"path":"C:\\Users\\Chidave291\\Desktop\\Devc Projects\\Teamwork-Devc\\server\\models\\gif.js","statementMap":{"0":{"start":{"line":3,"column":0},"end":{"line":5,"column":3}},"1":{"start":{"line":6,"column":0},"end":{"line":6,"column":28}},"2":{"start":{"line":8,"column":10},"end":{"line":8,"column":50}},"3":{"start":{"line":10,"column":39},"end":{"line":10,"column":95}},"4":{"start":{"line":12,"column":50},"end":{"line":12,"column":151}},"5":{"start":{"line":12,"column":92},"end":{"line":12,"column":149}},"6":{"start":{"line":14,"column":44},"end":{"line":14,"column":315}},"7":{"start":{"line":14,"column":57},"end":{"line":14,"column":58}},"8":{"start":{"line":14,"column":102},"end":{"line":14,"column":110}},"9":{"start":{"line":14,"column":112},"end":{"line":14,"column":167}},"10":{"start":{"line":14,"column":168},"end":{"line":14,"column":199}},"11":{"start":{"line":14,"column":200},"end":{"line":14,"column":254}},"12":{"start":{"line":14,"column":227},"end":{"line":14,"column":254}},"13":{"start":{"line":14,"column":255},"end":{"line":14,"column":313}},"14":{"start":{"line":16,"column":62},"end":{"line":16,"column":131}},"15":{"start":{"line":16,"column":78},"end":{"line":16,"column":131}},"16":{"start":{"line":16,"column":132},"end":{"line":16,"column":193}},"17":{"start":{"line":16,"column":149},"end":{"line":16,"column":193}},"18":{"start":{"line":16,"column":194},"end":{"line":16,"column":213}},"19":{"start":{"line":20,"column":0},"end":{"line":108,"column":3}},"20":{"start":{"line":22,"column":4},"end":{"line":22,"column":36}},"21":{"start":{"line":25,"column":2},"end":{"line":105,"column":6}},"22":{"start":{"line":29,"column":6},"end":{"line":48,"column":9}},"23":{"start":{"line":30,"column":8},"end":{"line":47,"column":9}},"24":{"start":{"line":31,"column":10},"end":{"line":46,"column":11}},"25":{"start":{"line":33,"column":14},"end":{"line":33,"column":46}},"26":{"start":{"line":34,"column":14},"end":{"line":34,"column":32}},"27":{"start":{"line":35,"column":14},"end":{"line":37,"column":18}},"28":{"start":{"line":36,"column":16},"end":{"line":36,"column":52}},"29":{"start":{"line":40,"column":14},"end":{"line":40,"column":39}},"30":{"start":{"line":41,"column":14},"end":{"line":41,"column":57}},"31":{"start":{"line":45,"column":14},"end":{"line":45,"column":37}},"32":{"start":{"line":54,"column":6},"end":{"line":69,"column":9}},"33":{"start":{"line":55,"column":8},"end":{"line":68,"column":9}},"34":{"start":{"line":56,"column":10},"end":{"line":67,"column":11}},"35":{"start":{"line":58,"column":14},"end":{"line":58,"column":38}},"36":{"start":{"line":59,"column":14},"end":{"line":59,"column":33}},"37":{"start":{"line":60,"column":14},"end":{"line":62,"column":18}},"38":{"start":{"line":61,"column":16},"end":{"line":61,"column":47}},"39":{"start":{"line":66,"column":14},"end":{"line":66,"column":38}},"40":{"start":{"line":75,"column":6},"end":{"line":103,"column":9}},"41":{"start":{"line":76,"column":8},"end":{"line":102,"column":9}},"42":{"start":{"line":77,"column":10},"end":{"line":101,"column":11}},"43":{"start":{"line":79,"column":14},"end":{"line":79,"column":27}},"44":{"start":{"line":80,"column":14},"end":{"line":80,"column":33}},"45":{"start":{"line":81,"column":14},"end":{"line":83,"column":18}},"46":{"start":{"line":82,"column":16},"end":{"line":82,"column":52}},"47":{"start":{"line":86,"column":14},"end":{"line":86,"column":40}},"48":{"start":{"line":88,"column":14},"end":{"line":91,"column":15}},"49":{"start":{"line":89,"column":16},"end":{"line":89,"column":35}},"50":{"start":{"line":90,"column":16},"end":{"line":90,"column":22}},"51":{"start":{"line":93,"column":14},"end":{"line":93,"column":57}},"52":{"start":{"line":96,"column":14},"end":{"line":96,"column":58}},"53":{"start":{"line":100,"column":14},"end":{"line":100,"column":38}},"54":{"start":{"line":107,"column":2},"end":{"line":107,"column":18}},"55":{"start":{"line":110,"column":15},"end":{"line":110,"column":23}},"56":{"start":{"line":111,"column":0},"end":{"line":111,"column":30}}},"fnMap":{"0":{"name":"_interopRequireDefault","decl":{"start":{"line":10,"column":9},"end":{"line":10,"column":31}},"loc":{"start":{"line":10,"column":37},"end":{"line":10,"column":97}},"line":10},"1":{"name":"_classCallCheck","decl":{"start":{"line":12,"column":9},"end":{"line":12,"column":24}},"loc":{"start":{"line":12,"column":48},"end":{"line":12,"column":153}},"line":12},"2":{"name":"_defineProperties","decl":{"start":{"line":14,"column":9},"end":{"line":14,"column":26}},"loc":{"start":{"line":14,"column":42},"end":{"line":14,"column":317}},"line":14},"3":{"name":"_createClass","decl":{"start":{"line":16,"column":9},"end":{"line":16,"column":21}},"loc":{"start":{"line":16,"column":60},"end":{"line":16,"column":215}},"line":16},"4":{"name":"(anonymous_4)","decl":{"start":{"line":20,"column":0},"end":{"line":20,"column":1}},"loc":{"start":{"line":20,"column":12},"end":{"line":108,"column":1}},"line":20},"5":{"name":"GifModel","decl":{"start":{"line":21,"column":11},"end":{"line":21,"column":19}},"loc":{"start":{"line":21,"column":22},"end":{"line":23,"column":3}},"line":21},"6":{"name":"createGif","decl":{"start":{"line":27,"column":20},"end":{"line":27,"column":29}},"loc":{"start":{"line":27,"column":52},"end":{"line":49,"column":5}},"line":27},"7":{"name":"createGif$","decl":{"start":{"line":29,"column":47},"end":{"line":29,"column":57}},"loc":{"start":{"line":29,"column":68},"end":{"line":48,"column":7}},"line":29},"8":{"name":"(anonymous_8)","decl":{"start":{"line":35,"column":161},"end":{"line":35,"column":162}},"loc":{"start":{"line":35,"column":178},"end":{"line":37,"column":15}},"line":35},"9":{"name":"deleteGif","decl":{"start":{"line":52,"column":20},"end":{"line":52,"column":29}},"loc":{"start":{"line":52,"column":44},"end":{"line":70,"column":5}},"line":52},"10":{"name":"deleteGif$","decl":{"start":{"line":54,"column":47},"end":{"line":54,"column":57}},"loc":{"start":{"line":54,"column":69},"end":{"line":69,"column":7}},"line":54},"11":{"name":"(anonymous_11)","decl":{"start":{"line":60,"column":139},"end":{"line":60,"column":140}},"loc":{"start":{"line":60,"column":156},"end":{"line":62,"column":15}},"line":60},"12":{"name":"getGif","decl":{"start":{"line":73,"column":20},"end":{"line":73,"column":26}},"loc":{"start":{"line":73,"column":31},"end":{"line":104,"column":5}},"line":73},"13":{"name":"getGif$","decl":{"start":{"line":75,"column":47},"end":{"line":75,"column":54}},"loc":{"start":{"line":75,"column":66},"end":{"line":103,"column":7}},"line":75},"14":{"name":"(anonymous_14)","decl":{"start":{"line":81,"column":122},"end":{"line":81,"column":123}},"loc":{"start":{"line":81,"column":139},"end":{"line":83,"column":15}},"line":81}},"branchMap":{"0":{"loc":{"start":{"line":10,"column":46},"end":{"line":10,"column":94}},"type":"cond-expr","locations":[{"start":{"line":10,"column":70},"end":{"line":10,"column":73}},{"start":{"line":10,"column":76},"end":{"line":10,"column":94}}],"line":10},"1":{"loc":{"start":{"line":10,"column":46},"end":{"line":10,"column":67}},"type":"binary-expr","locations":[{"start":{"line":10,"column":46},"end":{"line":10,"column":49}},{"start":{"line":10,"column":53},"end":{"line":10,"column":67}}],"line":10},"2":{"loc":{"start":{"line":12,"column":50},"end":{"line":12,"column":151}},"type":"if","locations":[{"start":{"line":12,"column":50},"end":{"line":12,"column":151}},{"start":{"line":12,"column":50},"end":{"line":12,"column":151}}],"line":12},"3":{"loc":{"start":{"line":14,"column":136},"end":{"line":14,"column":166}},"type":"binary-expr","locations":[{"start":{"line":14,"column":136},"end":{"line":14,"column":157}},{"start":{"line":14,"column":161},"end":{"line":14,"column":166}}],"line":14},"4":{"loc":{"start":{"line":14,"column":200},"end":{"line":14,"column":254}},"type":"if","locations":[{"start":{"line":14,"column":200},"end":{"line":14,"column":254}},{"start":{"line":14,"column":200},"end":{"line":14,"column":254}}],"line":14},"5":{"loc":{"start":{"line":16,"column":62},"end":{"line":16,"column":131}},"type":"if","locations":[{"start":{"line":16,"column":62},"end":{"line":16,"column":131}},{"start":{"line":16,"column":62},"end":{"line":16,"column":131}}],"line":16},"6":{"loc":{"start":{"line":16,"column":132},"end":{"line":16,"column":193}},"type":"if","locations":[{"start":{"line":16,"column":132},"end":{"line":16,"column":193}},{"start":{"line":16,"column":132},"end":{"line":16,"column":193}}],"line":16},"7":{"loc":{"start":{"line":31,"column":10},"end":{"line":46,"column":11}},"type":"switch","locations":[{"start":{"line":32,"column":12},"end":{"line":37,"column":18}},{"start":{"line":39,"column":12},"end":{"line":41,"column":57}},{"start":{"line":43,"column":12},"end":{"line":43,"column":19}},{"start":{"line":44,"column":12},"end":{"line":45,"column":37}}],"line":31},"8":{"loc":{"start":{"line":56,"column":10},"end":{"line":67,"column":11}},"type":"switch","locations":[{"start":{"line":57,"column":12},"end":{"line":62,"column":18}},{"start":{"line":64,"column":12},"end":{"line":64,"column":19}},{"start":{"line":65,"column":12},"end":{"line":66,"column":38}}],"line":56},"9":{"loc":{"start":{"line":77,"column":10},"end":{"line":101,"column":11}},"type":"switch","locations":[{"start":{"line":78,"column":12},"end":{"line":83,"column":18}},{"start":{"line":85,"column":12},"end":{"line":93,"column":57}},{"start":{"line":95,"column":12},"end":{"line":96,"column":58}},{"start":{"line":98,"column":12},"end":{"line":98,"column":19}},{"start":{"line":99,"column":12},"end":{"line":100,"column":38}}],"line":77},"10":{"loc":{"start":{"line":88,"column":14},"end":{"line":91,"column":15}},"type":"if","locations":[{"start":{"line":88,"column":14},"end":{"line":91,"column":15}},{"start":{"line":88,"column":14},"end":{"line":91,"column":15}}],"line":88}},"s":{"0":1,"1":1,"2":1,"3":1,"4":0,"5":0,"6":1,"7":1,"8":3,"9":3,"10":3,"11":3,"12":3,"13":3,"14":1,"15":0,"16":1,"17":1,"18":1,"19":1,"20":0,"21":1,"22":0,"23":0,"24":0,"25":0,"26":0,"27":0,"28":0,"29":0,"30":0,"31":0,"32":0,"33":0,"34":0,"35":0,"36":0,"37":0,"38":0,"39":0,"40":0,"41":0,"42":0,"43":0,"44":0,"45":0,"46":0,"47":0,"48":0,"49":0,"50":0,"51":0,"52":0,"53":0,"54":1,"55":1,"56":1},"f":{"0":1,"1":0,"2":1,"3":1,"4":1,"5":0,"6":0,"7":0,"8":0,"9":0,"10":0,"11":0,"12":0,"13":0,"14":0},"b":{"0":[1,0],"1":[1,1],"2":[0,0],"3":[3,3],"4":[3,0],"5":[0,1],"6":[1,0],"7":[0,0,0,0],"8":[0,0,0],"9":[0,0,0,0,0],"10":[0,0]},"_coverageSchema":"43e27e138ebf9cfc5966b082cf9a028302ed4184","hash":"b38e6bc6c0a2f0b7234adbf7180e852dfddc3198","contentHash":"6511ac0b6b8570c7bd5c7e0ba29519413845b25bc35262e96d2b0236bd1c9ab1"},"C:\\Users\\Chidave291\\Desktop\\Devc Projects\\Teamwork-Devc\\server\\models\\comment.js":{"path":"C:\\Users\\Chidave291\\Desktop\\Devc Projects\\Teamwork-Devc\\server\\models\\comment.js","statementMap":{"0":{"start":{"line":3,"column":0},"end":{"line":5,"column":3}},"1":{"start":{"line":6,"column":0},"end":{"line":6,"column":28}},"2":{"start":{"line":8,"column":10},"end":{"line":8,"column":50}},"3":{"start":{"line":10,"column":39},"end":{"line":10,"column":95}},"4":{"start":{"line":12,"column":50},"end":{"line":12,"column":151}},"5":{"start":{"line":12,"column":92},"end":{"line":12,"column":149}},"6":{"start":{"line":14,"column":44},"end":{"line":14,"column":315}},"7":{"start":{"line":14,"column":57},"end":{"line":14,"column":58}},"8":{"start":{"line":14,"column":102},"end":{"line":14,"column":110}},"9":{"start":{"line":14,"column":112},"end":{"line":14,"column":167}},"10":{"start":{"line":14,"column":168},"end":{"line":14,"column":199}},"11":{"start":{"line":14,"column":200},"end":{"line":14,"column":254}},"12":{"start":{"line":14,"column":227},"end":{"line":14,"column":254}},"13":{"start":{"line":14,"column":255},"end":{"line":14,"column":313}},"14":{"start":{"line":16,"column":62},"end":{"line":16,"column":131}},"15":{"start":{"line":16,"column":78},"end":{"line":16,"column":131}},"16":{"start":{"line":16,"column":132},"end":{"line":16,"column":193}},"17":{"start":{"line":16,"column":149},"end":{"line":16,"column":193}},"18":{"start":{"line":16,"column":194},"end":{"line":16,"column":213}},"19":{"start":{"line":20,"column":0},"end":{"line":146,"column":3}},"20":{"start":{"line":22,"column":4},"end":{"line":22,"column":40}},"21":{"start":{"line":25,"column":2},"end":{"line":143,"column":6}},"22":{"start":{"line":29,"column":6},"end":{"line":48,"column":9}},"23":{"start":{"line":30,"column":8},"end":{"line":47,"column":9}},"24":{"start":{"line":31,"column":10},"end":{"line":46,"column":11}},"25":{"start":{"line":33,"column":14},"end":{"line":33,"column":54}},"26":{"start":{"line":34,"column":14},"end":{"line":34,"column":32}},"27":{"start":{"line":35,"column":14},"end":{"line":37,"column":18}},"28":{"start":{"line":36,"column":16},"end":{"line":36,"column":52}},"29":{"start":{"line":40,"column":14},"end":{"line":40,"column":39}},"30":{"star
[...]
e":18,"column":254}},{"start":{"line":18,"column":200},"end":{"line":18,"column":254}}],"line":18},"5":{"loc":{"start":{"line":20,"column":62},"end":{"line":20,"column":131}},"type":"if","locations":[{"start":{"line":20,"column":62},"end":{"line":20,"column":131}},{"start":{"line":20,"column":62},"end":{"line":20,"column":131}}],"line":20},"6":{"loc":{"start":{"line":20,"column":132},"end":{"line":20,"column":193}},"type":"if","locations":[{"start":{"line":20,"column":132},"end":{"line":20,"column":193}},{"start":{"line":20,"column":132},"end":{"line":20,"column":193}}],"line":20},"7":{"loc":{"start":{"line":35,"column":10},"end":{"line":71,"column":11}},"type":"switch","locations":[{"start":{"line":36,"column":12},"end":{"line":39,"column":93}},{"start":{"line":41,"column":12},"end":{"line":44,"column":142}},{"start":{"line":46,"column":12},"end":{"line":61,"column":20}},{"start":{"line":63,"column":12},"end":{"line":66,"column":32}},{"start":{"line":68,"column":12},"end":{"line":68,"column":20}},{"start":{"line":69,"column":12},"end":{"line":70,"column":37}}],"line":35},"8":{"loc":{"start":{"line":81,"column":10},"end":{"line":115,"column":11}},"type":"switch","locations":[{"start":{"line":82,"column":12},"end":{"line":85,"column":85}},{"start":{"line":87,"column":12},"end":{"line":90,"column":130}},{"start":{"line":92,"column":12},"end":{"line":105,"column":20}},{"start":{"line":107,"column":12},"end":{"line":110,"column":33}},{"start":{"line":112,"column":12},"end":{"line":112,"column":20}},{"start":{"line":113,"column":12},"end":{"line":114,"column":38}}],"line":81}},"s":{"0":1,"1":1,"2":1,"3":1,"4":1,"5":3,"6":0,"7":0,"8":1,"9":1,"10":2,"11":2,"12":2,"13":2,"14":2,"15":2,"16":1,"17":0,"18":1,"19":1,"20":1,"21":1,"22":0,"23":1,"24":0,"25":0,"26":0,"27":0,"28":0,"29":0,"30":0,"31":0,"32":0,"33":0,"34":0,"35":0,"36":0,"37":0,"38":0,"39":0,"40":0,"41":0,"42":0,"43":0,"44":0,"45":0,"46":0,"47":0,"48":0,"49":0,"50":0,"51":0,"52":0,"53":0,"54":0,"55":0,"56":0,"57":0,"58":0,"59":0,"60":0,"61":1,"62":1,"63":1},"f":{"0":3,"1":0,"2":1,"3":1,"4":1,"5":0,"6":0,"7":0,"8":0,"9":0},"b":{"0":[3,0],"1":[3,3],"2":[0,0],"3":[2,2],"4":[2,0],"5":[0,1],"6":[1,0],"7":[0,0,0,0,0,0],"8":[0,0,0,0,0,0]},"_coverageSchema":"43e27e138ebf9cfc5966b082cf9a028302ed4184","hash":"960c60ebd0e7d1d4a046356cf8332879c0933a38","contentHash":"068dfdcbdeb0dc7edbc8012e68be4deb90f4b77e6f6b72b3286c20dffeb6a6a2"},"C:\\Users\\Chidave291\\Desktop\\Devc Projects\\Teamwork-Devc\\server\\models\\article.js":{"path":"C:\\Users\\Chidave291\\Desktop\\Devc Projects\\Teamwork-Devc\\server\\models\\article.js","statementMap":{"0":{"start":{"line":3,"column":0},"end":{"line":5,"column":3}},"1":{"start":{"line":6,"column":0},"end":{"line":6,"column":28}},"2":{"start":{"line":8,"column":10},"end":{"line":8,"column":50}},"3":{"start":{"line":10,"column":39},"end":{"line":10,"column":95}},"4":{"start":{"line":12,"column":50},"end":{"line":12,"column":151}},"5":{"start":{"line":12,"column":92},"end":{"line":12,"column":149}},"6":{"start":{"line":14,"column":44},"end":{"line":14,"column":315}},"7":{"start":{"line":14,"column":57},"end":{"line":14,"column":58}},"8":{"start":{"line":14,"column":102},"end":{"line":14,"column":110}},"9":{"start":{"line":14,"column":112},"end":{"line":14,"column":167}},"10":{"start":{"line":14,"column":168},"end":{"line":14,"column":199}},"11":{"start":{"line":14,"column":200},"end":{"line":14,"column":254}},"12":{"start":{"line":14,"column":227},"end":{"line":14,"column":254}},"13":{"start":{"line":14,"column":255},"end":{"line":14,"column":313}},"14":{"start":{"line":16,"column":62},"end":{"line":16,"column":131}},"15":{"start":{"line":16,"column":78},"end":{"line":16,"column":131}},"16":{"start":{"line":16,"column":132},"end":{"line":16,"column":193}},"17":{"start":{"line":16,"column":149},"end":{"line":16,"column":193}},"18":{"start":{"line":16,"column":194},"end":{"line":16,"column":213}},"19":{"start":{"line":20,"column":0},"end":{"line":193,"column":3}},"20":{"start":{"line":22,"column":4},"end":{"line":22,"column":41}},"21":{"start":{"line":25,"column":2},"end":{"line":190,"column":6}},"22":{"start":{"line":29,"column":6},"end":{"line":49,"column":9}},"23":{"start":{"line":30,"column":8},"end":{"line":48,"column":9}},"24":{"start":{"line":31,"column":10},"end":{"line":47,"column":11}},"25":{"start":{"line":33,"column":14},"end":{"line":33,"column":57}},"26":{"start":{"line":34,"column":14},"end":{"line":34,"column":50}},"27":{"start":{"line":35,"column":14},"end":{"line":35,"column":32}},"28":{"start":{"line":36,"column":14},"end":{"line":38,"column":18}},"29":{"start":{"line":37,"column":16},"end":{"line":37,"column":52}},"30":{"start":{"line":41,"column":14},"end":{"line":41,"column":39}},"31":{"start":{"line":42,"column":14},"end":{"line":42,"column":57}},"32":{"start":{"line":46,"column":14},"end":{"line":46,"column":37}},"33":{"start":{"line":55,"column":6},"end":{"line":83,"column":9}},"34":{"start":{"line":56,"column":8},"end":{"line":82,"column":9}},"35":{"start":{"line":57,"column":10},"end":{"line":81,"column":11}},"36":{"start":{"line":59,"column":14},"end":{"line":59,"column":28}},"37":{"start":{"line":60,"column":14},"end":{"line":60,"column":33}},"38":{"start":{"line":61,"column":14},"end":{"line":63,"column":18}},"39":{"start":{"line":62,"column":16},"end":{"line":62,"column":52}},"40":{"start":{"line":66,"column":14},"end":{"line":66,"column":40}},"41":{"start":{"line":68,"column":14},"end":{"line":71,"column":15}},"42":{"start":{"line":69,"column":16},"end":{"line":69,"column":35}},"43":{"start":{"line":70,"column":16},"end":{"line":70,"column":22}},"44":{"start":{"line":73,"column":14},"end":{"line":73,"column":56}},"45":{"start":{"line":76,"column":14},"end":{"line":76,"column":58}},"46":{"start":{"line":80,"column":14},"end":{"line":80,"column":38}},"47":{"start":{"line":89,"column":6},"end":{"line":109,"column":9}},"48":{"start":{"line":90,"column":8},"end":{"line":108,"column":9}},"49":{"start":{"line":91,"column":10},"end":{"line":107,"column":11}},"50":{"start":{"line":93,"column":14},"end":{"line":93,"column":59}},"51":{"start":{"line":94,"column":14},"end":{"line":94,"column":54}},"52":{"start":{"line":95,"column":14},"end":{"line":95,"column":33}},"53":{"start":{"line":96,"column":14},"end":{"line":98,"column":18}},"54":{"start":{"line":97,"column":16},"end":{"line":97,"column":47}},"55":{"start":{"line":101,"column":14},"end":{"line":101,"column":40}},"56":{"start":{"line":102,"column":14},"end":{"line":102,"column":58}},"57":{"start":{"line":106,"column":14},"end":{"line":106,"column":38}},"58":{"start":{"line":115,"column":6},"end":{"line":130,"column":9}},"59":{"start":{"line":116,"column":8},"end":{"line":129,"column":9}},"60":{"start":{"line":117,"column":10},"end":{"line":128,"column":11}},"61":{"start":{"line":119,"column":14},"end":{"line":119,"column":38}},"62":{"start":{"line":120,"column":14},"end":{"line":120,"column":33}},"63":{"start":{"line":121,"column":14},"end":{"line":123,"column":18}},"64":{"start":{"line":122,"column":16},"end":{"line":122,"column":47}},"65":{"start":{"line":127,"column":14},"end":{"line":127,"column":38}},"66":{"start":{"line":136,"column":6},"end":{"line":154,"column":9}},"67":{"start":{"line":137,"column":8},"end":{"line":153,"column":9}},"68":{"start":{"line":138,"column":10},"end":{"line":152,"column":11}},"69":{"start":{"line":140,"column":14},"end":{"line":140,"column":33}},"70":{"start":{"line":141,"column":14},"end":{"line":143,"column":18}},"71":{"start":{"line":142,"column":16},"end":{"line":142,"column":47}},"72":{"start":{"line":146,"column":14},"end":{"line":146,"column":40}},"73":{"start":{"line":147,"column":14},"end":{"line":147,"column":58}},"74":{"start":{"line":151,"column":14},"end":{"line":151,"column":38}},"75":{"start":{"line":160,"column":6},"end":{"line":188,"column":9}},"76":{"start":{"line":161,"column":8},"end":{"line":187,"column":9}},"77":{"start":{"line":162,"column":10},"end":{"line":186,"column":11}},"78":{"start":{"line":164,"column":14},"end":{"line":164,"column":27}},"79":{"start":{"line":165,"column":14},"end":{"line":165,"column":33}},"80":{"start":{"line":166,"column":14},"end":{"line":168,"column":18}},"81":{"start":{"line":167,"column":16},"end":{"line":167,"column":47}},"82":{"start":{"line":171,"column":14},"end":{"line":171,"column":40}},"83":{"start":{"line":173,"column":14},"end":{"line":176,"column":15}},"84":{"start":{"line":174,"column":16},"end":{"line":174,"column":35}},"85":{"start":{"line":175,"column":16},"end":{"line":175,"column":22}},"86":{"start":{"line":178,"column":14},"end":{"line":178,"column":56}},"87":{"start":{"line":181,"column":14},"end":{"line":181,"column":58}},"88":{"start":{"line":185,"column":14},"end":{"line":185,"column":38}},"89":{"start":{"line":192,"column":2},"end":{"line":192,"column":23}},"90":{"start":{"line":195,"column":15},"end":{"line":195,"column":28}},"91":{"start":{"line":196,"column":0},"end":{"line":196,"column":30}}},"fnMap":{"0":{"name":"_interopRequireDefault","decl":{"start":{"line":10,"column":9},"end":{"line":10,"column":31}},"loc":{"start":{"line":10,"column":37},"end":{"line":10,"column":97}},"line":10},"1":{"name":"_classCallCheck","decl":{"start":{"line":12,"column":9},"end":{"line":12,"column":24}},"loc":{"start":{"line":12,"column":48},"end":{"line":12,"column":153}},"line":12},"2":{"name":"_defineProperties","decl":{"start":{"line":14,"column":9},"end":{"line":14,"column":26}},"loc":{"start":{"line":14,"column":42},"end":{"line":14,"column":317}},"line":14},"3":{"name":"_createClass","decl":{"start":{"line":16,"column":9},"end":{"line":16,"column":21}},"loc":{"start":{"line":16,"column":60},"end":{"line":16,"column":215}},"line":16},"4":{"name":"(anonymous_4)","decl":{"start":{"line":20,"column":0},"end":{"line":20,"column":1}},"loc":{"start":{"line":20,"column":12},"end":{"line":193,"column":1}},"line":20},"5":{"name":"CreateArticle","decl":{"start":{"line":21,"column":11},"end":{"line":21,"column":24}},"loc":{"start":{"line":21,"column":27},"end":{"line":23,"column":3}},"line":21},"6":{"name":"createArticle","decl":{"start":{"line":27,"column":20},"end":{"line":27,"column":33}},"loc":{"start":{"line":27,"column":50},"end":{"line":50,"column":5}},"line":27},"7":{"name":"createArticle$","decl":{"start":{"line":29,"column":47},"end":{"line":29,"column":61}},"loc":{"start":{"line":29,"column":72},"end":{"line":49,"column":7}},"line":29},"8":{"name":"(anonymous_8)","decl":{"start":{"line":36,"column":164},"end":{"line":36,"column":165}},"loc":{"start":{"line":36,"column":181},"end":{"line":38,"column":15}},"line":36},"9":{"name":"getArticle","decl":{"start":{"line":53,"column":20},"end":{"line":53,"column":30}},"loc":{"start":{"line":53,"column":35},"end":{"line":84,"column":5}},"line":53},"10":{"name":"getArticle$","decl":{"start":{"line":55,"column":47},"end":{"line":55,"column":58}},"loc":{"start":{"line":55,"column":70},"end":{"line":83,"column":7}},"line":55},"11":{"name":"(anonymous_11)","decl":{"start":{"line":61,"column":131},"end":{"line":61,"column":132}},"loc":{"start":{"line":61,"column":148},"end":{"line":63,"column":15}},"line":61},"12":{"name":"EditArticle","decl":{"start":{"line":87,"column":20},"end":{"line":87,"column":31}},"loc":{"start":{"line":87,"column":53},"end":{"line":110,"column":5}},"line":87},"13":{"name":"EditArticle$","decl":{"start":{"line":89,"column":47},"end":{"line":89,"column":59}},"loc":{"start":{"line":89,"column":71},"end":{"line":109,"column":7}},"line":89},"14":{"name":"(anonymous_14)","decl":{"start":{"line":96,"column":183},"end":{"line":96,"column":184}},"loc":{"start":{"line":96,"column":200},"end":{"line":98,"column":15}},"line":96},"15":{"name":"DeleteArticle","decl":{"start":{"line":113,"column":20},"end":{"line":113,"column":33}},"loc":{"start":{"line":113,"column":48},"end":{"line":131,"column":5}},"line":113},"16":{"name":"DeleteArticle$","decl":{"start":{"line":115,"column":47},"end":{"line":115,"column":61}},"loc":{"start":{"line":115,"column":73},"end":{"line":130,"column":7}},"line":115},"17":{"name":"(anonymous_17)","decl":{"start":{"line":121,"column":147},"end":{"line":121,"column":148}},"loc":{"start":{"line":121,"column":164},"end":{"line":123,"column":15}},"line":121},"18":{"name":"getAllArticles","decl":{"start":{"line":134,"column":20},"end":{"line":134,"column":34}},"loc":{"start":{"line":134,"column":37},"end":{"line":155,"column":5}},"line":134},"19":{"name":"getAllArticles$","decl":{"start":{"line":136,"column":47},"end":{"line":136,"column":62}},"loc":{"start":{"line":136,"column":74},"end":{"line":154,"column":7}},"line":136},"20":{"name":"(anonymous_20)","decl":{"start":{"line":141,"column":136},"end":{"line":141,"column":137}},"loc":{"start":{"line":141,"column":153},"end":{"line":143,"column":15}},"line":141},"21":{"name":"getSpecificArticle","decl":{"start":{"line":158,"column":20},"end":{"line":158,"column":38}},"loc":{"start":{"line":158,"column":43},"end":{"line":189,"column":5}},"line":158},"22":{"name":"getSpecificArticle$","decl":{"start":{"line":160,"column":47},"end":{"line":160,"column":66}},"loc":{"start":{"line":160,"column":78},"end":{"line":188,"column":7}},"line":160},"23":{"name":"(anonymous_23)","decl":{"start":{"line":166,"column":130},"end":{"line":166,"column":131}},"loc":{"start":{"line":166,"column":147},"end":{"line":168,"column":15}},"line":166}},"branchMap":{"0":{"loc":{"start":{"line":10,"column":46},"end":{"line":10,"column":94}},"type":"cond-expr","locations":[{"start":{"line":10,"column":70},"end":{"line":10,"column":73}},{"start":{"line":10,"column":76},"end":{"line":10,"column":94}}],"line":10},"1":{"loc":{"start":{"line":10,"column":46},"end":{"line":10,"column":67}},"type":"binary-expr","locations":[{"start":{"line":10,"column":46},"end":{"line":10,"column":49}},{"start":{"line":10,"column":53},"end":{"line":10,"column":67}}],"line":10},"2":{"loc":{"start":{"line":12,"column":50},"end":{"line":12,"column":151}},"type":"if","locations":[{"start":{"line":12,"column":50},"end":{"line":12,"column":151}},{"start":{"line":12,"column":50},"end":{"line":12,"column":151}}],"line":12},"3":{"loc":{"start":{"line":14,"column":136},"end":{"line":14,"column":166}},"type":"binary-expr","locations":[{"start":{"line":14,"column":136},"end":{"line":14,"column":157}},{"start":{"line":14,"column":161},"end":{"line":14,"column":166}}],"line":14},"4":{"loc":{"start":{"line":14,"column":200},"end":{"line":14,"column":254}},"type":"if","locations":[{"start":{"line":14,"column":200},"end":{"line":14,"column":254}},{"start":{"line":14,"column":200},"end":{"line":14,"column":254}}],"line":14},"5":{"loc":{"start":{"line":16,"column":62},"end":{"line":16,"column":131}},"type":"if","locations":[{"start":{"line":16,"column":62},"end":{"line":16,"column":131}},{"start":{"line":16,"column":62},"end":{"line":16,"column":131}}],"line":16},"6":{"loc":{"start":{"line":16,"column":132},"end":{"line":16,"column":193}},"type":"if","locations":[{"start":{"line":16,"column":132},"end":{"line":16,"column":193}},{"start":{"line":16,"column":132},"end":{"line":16,"column":193}}],"line":16},"7":{"loc":{"start":{"line":31,"column":10},"end":{"line":47,"column":11}},"type":"switch","locations":[{"start":{"line":32,"column":12},"end":{"line":38,"column":18}},{"start":{"line":40,"column":12},"end":{"line":42,"column":57}},{"start":{"line":44,"column":12},"end":{"line":44,"column":19}},{"start":{"line":45,"column":12},"end":{"line":46,"column":37}}],"line":31},"8":{"loc":{"start":{"line":57,"column":10},"end":{"line":81,"column":11}},"type":"switch","locations":[{"start":{"line":58,"column":12},"end":{"line":63,"column":18}},{"start":{"line":65,"column":12},"end":{"line":73,"column":56}},{"start":{"line":75,"column":12},"end":{"line":76,"column":58}},{"start":{"line":78,"column":12},"end":{"line":78,"column":19}},{"start":{"line":79,"column":12},"end":{"line":80,"column":38}}],"line":57},"9":{"loc":{"start":{"line":68,"column":14},"end":{"line":71,"column":15}},"type":"if","locations":[{"start":{"line":68,"column":14},"end":{"line":71,"column":15}},{"start":{"line":68,"column":14},"end":{"line":71,"column":15}}],"line":68},"10":{"loc":{"start":{"line":91,"column":10},"end":{"line":107,"column":11}},"type":"switch","locations":[{"start":{"line":92,"column":12},"end":{"line":98,"column":18}},{"start":{"line":100,"column":12},"end":{"line":102,"column":58}},{"start":{"line":104,"column":12},"end":{"line":104,"column":19}},{"start":{"line":105,"column":12},"end":{"line":106,"column":38}}],"line":91},"11":{"loc":{"start":{"line":117,"column":10},"end":{"line":128,"column":11}},"type":"switch","locations":[{"start":{"line":118,"column":12},"end":{"line":123,"column":18}},{"start":{"line":125,"column":12},"end":{"line":125,"column":19}},{"start":{"line":126,"column":12},"end":{"line":127,"column":38}}],"line":117},"12":{"loc":{"start":{"line":138,"column":10},"end":{"line":152,"column":11}},"type":"switch","locations":[{"start":{"line":139,"column":12},"end":{"line":143,"column":18}},{"start":{"line":145,"column":12},"end":{"line":147,"column":58}},{"start":{"line":149,"column":12},"end":{"line":149,"column":19}},{"start":{"line":150,"column":12},"end":{"line":151,"column":38}}],"line":138},"13":{"loc":{"start":{"line":162,"column":10},"end":{"line":186,"column":11}},"type":"switch","locations":[{"start":{"line":163,"column":12},"end":{"line":168,"column":18}},{"start":{"line":170,"column":12},"end":{"line":178,"column":56}},{"start":{"line":180,"column":12},"end":{"line":181,"column":58}},{"start":{"line":183,"column":12},"end":{"line":183,"column":19}},{"start":{"line":184,"column":12},"end":{"line":185,"column":38}}],"line":162},"14":{"loc":{"start":{"line":173,"column":14},"end":{"line":176,"column":15}},"type":"if","locations":[{"start":{"line":173,"column":14},"end":{"line":176,"column":15}},{"start":{"line":173,"column":14},"end":{"line":176,"column":15}}],"line":173}},"s":{"0":1,"1":1,"2":1,"3":1,"4":0,"5":0,"6":1,"7":1,"8":6,"9":6,"10":6,"11":6,"12":6,"13":6,"14":1,"15":0,"16":1,"17":1,"18":1,"19":1,"20":0,"21":1,"22":0,"23":0,"24":0,"25":0,"26":0,"27":0,"28":0,"29":0,"30":0,"31":0,"32":0,"33":0,"34":0,"35":0,"36":0,"37":0,"38":0,"39":0,"40":0,"41":0,"42":0,"43":0,"44":0,"45":0,"46":0,"47":0,"48":0,"49":0,"50":0,"51":0,"52":0,"53":0,"54":0,"55":0,"56":0,"57":0,"58":0,"59":0,"60":0,"61":0,"62":0,"63":0,"64":0,"65":0,"66":0,"67":0,"68":0,"69":0,"70":0,"71":0,"72":0,"73":0,"74":0,"75":0,"76":0,"77":0,"78":0,"79":0,"80":0,"81":0,"82":0,"83":0,"84":0,"85":0,"86":0,"87":0,"88":0,"89":1,"90":1,"91":1},"f":{"0":1,"1":0,"2":1,"3":1,"4":1,"5":0,"6":0,"7":0,"8":0,"9":0,"10":0,"11":0,"12":0,"13":0,"14":0,"15":0,"16":0,"17":0,"18":0,"19":0,"20":0,"21":0,"22":0,"23":0},"b":{"0":[1,0],"1":[1,1],"2":[0,0],"3":[6,6],"4":[6,0],"5":[0,1],"6":[1,0],"7":[0,0,0,0],"8":[0,0,0,0,0],"9":[0,0],"10":[0,0,0,0],"11":[0,0,0],"12":[0,0,0,0],"13":[0,0,0,0,0],"14":[0,0]},"_coverageSchema":"43e27e138ebf9cfc5966b082cf9a028302ed4184","hash":"acc84626a054e4874766fa94788a1dee784e6784","contentHash":"acf676b1c99a2bc3ccb132d5db42740830f92cc9d622f514544332e11c6a4320"},"C:\\Users\\Chidave291\\Desktop\\Devc Projects\\Teamwork-Devc\\server\\mock\\mockuser.js":{"path":"C:\\Users\\Chidave291\\Desktop\\Devc Projects\\Teamwork-Devc\\server\\mock\\mockuser.js","statementMap":{"0":{"start":{"line":3,"column":0},"end":{"line":5,"column":3}},"1":{"start":{"line":6,"column":0},"end":{"line":6,"column":28}},"2":{"start":{"line":7,"column":11},"end":{"line":27,"column":2}},"3":{"start":{"line":28,"column":15},"end":{"line":28,"column":19}},"4":{"start":{"line":29,"column":0},"end":{"line":29,"column":30}}},"fnMap":{},"branchMap":{},"s":{"0":1,"1":1,"2":1,"3":1,"4":1},"f":{},"b":{},"_coverageSchema":"43e27e138ebf9cfc5966b082cf9a028302ed4184","hash":"632b913eda1434a6c9ac5a4f83ff8e7ec70b9c77","contentHash":"0175b231b9f79f0245965c8daf94d2bf417cec2720991477d94a8e8255b15eb2"}}